<?xml version="1.0" encoding="UTF-8"?>
<coverage generated="1774266132419" clover="3.2.0">
  <project timestamp="1774266132419" name="All files">
    <metrics statements="129" coveredstatements="128" conditionals="127" coveredconditionals="121" methods="9" coveredmethods="9" elements="265" coveredelements="258" complexity="0" loc="129" ncloc="129" packages="2" files="3" classes="3"/>
    <package name="katago">
      <metrics statements="97" coveredstatements="97" conditionals="113" coveredconditionals="107" methods="6" coveredmethods="6"/>
      <file name="coords.ts" path="/Users/larry/Git/my/zGo/server/src/katago/coords.ts">
        <metrics statements="24" coveredstatements="24" conditionals="28" coveredconditionals="27" methods="3" coveredmethods="3"/>
        <line num="1" count="1" type="stmt"/>
        <line num="8" count="1" type="cond" truecount="1" falsecount="0"/>
        <line num="9" count="372" type="stmt"/>
        <line num="11" count="1" type="cond" truecount="1" falsecount="0"/>
        <line num="12" count="372" type="cond" truecount="4" falsecount="0"/>
        <line num="13" count="367" type="stmt"/>
        <line num="19" count="1" type="stmt"/>
        <line num="23" count="13" type="stmt"/>
        <line num="24" count="13" type="cond" truecount="4" falsecount="0"/>
        <line num="25" count="10" type="cond" truecount="2" falsecount="0"/>
        <line num="26" count="10" type="stmt"/>
        <line num="27" count="10" type="stmt"/>
        <line num="29" count="10" type="stmt"/>
        <line num="35" count="10" type="stmt"/>
        <line num="41" count="10" type="stmt"/>
        <line num="43" count="10" type="cond" truecount="2" falsecount="0"/>
        <line num="44" count="9" type="cond" truecount="2" falsecount="0"/>
        <line num="45" count="8" type="cond" truecount="2" falsecount="0"/>
        <line num="46" count="6" type="cond" truecount="2" falsecount="0"/>
        <line num="47" count="4" type="cond" truecount="2" falsecount="0"/>
        <line num="48" count="3" type="cond" truecount="2" falsecount="0"/>
        <line num="49" count="2" type="cond" truecount="2" falsecount="0"/>
        <line num="50" count="1" type="cond" truecount="1" falsecount="1"/>
        <line num="52" count="13" type="stmt"/>
      </file>
      <file name="tactics.ts" path="/Users/larry/Git/my/zGo/server/src/katago/tactics.ts">
        <metrics statements="73" coveredstatements="73" conditionals="85" coveredconditionals="80" methods="3" coveredmethods="3"/>
        <line num="11" count="1" type="stmt"/>
        <line num="19" count="18" type="cond" truecount="2" falsecount="0"/>
        <line num="20" count="18" type="cond" truecount="2" falsecount="0"/>
        <line num="21" count="18" type="cond" truecount="1" falsecount="1"/>
        <line num="23" count="18" type="stmt"/>
        <line num="24" count="12" type="stmt"/>
        <line num="25" count="12" type="stmt"/>
        <line num="26" count="12" type="stmt"/>
        <line num="27" count="12" type="cond" truecount="3" falsecount="1"/>
        <line num="28" count="12" type="stmt"/>
        <line num="29" count="12" type="stmt"/>
        <line num="30" count="12" type="stmt"/>
        <line num="31" count="13" type="stmt"/>
        <line num="32" count="13" type="stmt"/>
        <line num="38" count="52" type="stmt"/>
        <line num="39" count="52" type="stmt"/>
        <line num="40" count="52" type="cond" truecount="1" falsecount="1"/>
        <line num="46" count="52" type="stmt"/>
        <line num="47" count="52" type="cond" truecount="2" falsecount="0"/>
        <line num="48" count="51" type="cond" truecount="4" falsecount="0"/>
        <line num="49" count="27" type="stmt"/>
        <line num="50" count="27" type="stmt"/>
        <line num="51" count="24" type="cond" truecount="4" falsecount="0"/>
        <line num="52" count="1" type="stmt"/>
        <line num="53" count="1" type="stmt"/>
        <line num="59" count="12" type="stmt"/>
        <line num="62" count="18" type="stmt"/>
        <line num="63" count="18" type="stmt"/>
        <line num="64" count="18" type="stmt"/>
        <line num="65" count="18" type="stmt"/>
        <line num="66" count="18" type="stmt"/>
        <line num="68" count="18" type="stmt"/>
        <line num="74" count="72" type="stmt"/>
        <line num="75" count="72" type="stmt"/>
        <line num="76" count="72" type="cond" truecount="6" falsecount="0"/>
        <line num="77" count="71" type="cond" truecount="1" falsecount="1"/>
        <line num="78" count="71" type="stmt"/>
        <line num="79" count="71" type="cond" truecount="2" falsecount="0"/>
        <line num="80" count="8" type="stmt"/>
        <line num="81" count="8" type="cond" truecount="2" falsecount="0"/>
        <line num="82" count="8" type="cond" truecount="2" falsecount="0"/>
        <line num="83" count="63" type="cond" truecount="2" falsecount="0"/>
        <line num="84" count="4" type="cond" truecount="2" falsecount="0"/>
        <line num="85" count="4" type="stmt"/>
        <line num="90" count="18" type="stmt"/>
        <line num="91" count="18" type="stmt"/>
        <line num="97" count="72" type="stmt"/>
        <line num="98" count="72" type="stmt"/>
        <line num="99" count="72" type="cond" truecount="2" falsecount="0"/>
        <line num="107" count="8" type="stmt"/>
        <line num="109" count="18" type="cond" truecount="2" falsecount="0"/>
        <line num="111" count="18" type="cond" truecount="2" falsecount="0"/>
        <line num="112" count="18" type="cond" truecount="3" falsecount="1"/>
        <line num="115" count="18" type="cond" truecount="2" falsecount="0"/>
        <line num="116" count="18" type="cond" truecount="5" falsecount="0"/>
        <line num="123" count="18" type="cond" truecount="2" falsecount="0"/>
        <line num="124" count="4" type="stmt"/>
        <line num="129" count="14" type="cond" truecount="2" falsecount="0"/>
        <line num="130" count="14" type="stmt"/>
        <line num="135" count="12" type="cond" truecount="2" falsecount="0"/>
        <line num="136" count="12" type="stmt"/>
        <line num="141" count="11" type="cond" truecount="2" falsecount="0"/>
        <line num="142" count="11" type="stmt"/>
        <line num="147" count="10" type="cond" truecount="2" falsecount="0"/>
        <line num="148" count="10" type="stmt"/>
        <line num="153" count="9" type="cond" truecount="2" falsecount="0"/>
        <line num="154" count="9" type="stmt"/>
        <line num="159" count="8" type="cond" truecount="2" falsecount="0"/>
        <line num="160" count="8" type="stmt"/>
        <line num="165" count="7" type="stmt"/>
        <line num="172" count="1" type="stmt"/>
        <line num="180" count="5" type="stmt"/>
        <line num="181" count="5" type="stmt"/>
      </file>
    </package>
    <package name="shared.lib">
      <metrics statements="32" coveredstatements="31" conditionals="14" coveredconditionals="14" methods="3" coveredmethods="3"/>
      <file name="i18n.ts" path="/Users/larry/Git/my/zGo/server/src/shared/lib/i18n.ts">
        <metrics statements="32" coveredstatements="31" conditionals="14" coveredconditionals="14" methods="3" coveredmethods="3"/>
        <line num="6" count="2" type="stmt"/>
        <line num="11" count="2" type="stmt"/>
        <line num="12" count="46" type="cond" truecount="2" falsecount="0"/>
        <line num="14" count="6" type="stmt"/>
        <line num="16" count="6" type="stmt"/>
        <line num="28" count="6" type="stmt"/>
        <line num="29" count="6" type="stmt"/>
        <line num="30" count="10" type="cond" truecount="2" falsecount="0"/>
        <line num="31" count="4" type="stmt"/>
        <line num="32" count="4" type="stmt"/>
        <line num="36" count="6" type="cond" truecount="2" falsecount="0"/>
        <line num="37" count="4" type="stmt"/>
        <line num="38" count="4" type="stmt"/>
        <line num="39" count="4" type="stmt"/>
        <line num="41" count="2" type="stmt"/>
        <line num="47" count="0" type="stmt"/>
        <line num="51" count="2" type="stmt"/>
        <line num="57" count="2" type="stmt"/>
        <line num="62" count="27" type="stmt"/>
        <line num="63" count="27" type="cond" truecount="2" falsecount="0"/>
        <line num="65" count="27" type="stmt"/>
        <line num="66" count="27" type="stmt"/>
        <line num="67" count="27" type="stmt"/>
        <line num="69" count="27" type="stmt"/>
        <line num="70" count="78" type="stmt"/>
        <line num="71" count="78" type="stmt"/>
        <line num="74" count="27" type="cond" truecount="2" falsecount="0"/>
        <line num="75" count="27" type="cond" truecount="2" falsecount="0"/>
        <line num="78" count="26" type="cond" truecount="2" falsecount="0"/>
        <line num="79" count="1" type="stmt"/>
        <line num="80" count="1" type="stmt"/>
        <line num="84" count="26" type="stmt"/>
      </file>
    </package>
  </project>
</coverage>
