{
  "/Users/larry/Git/my/zGo/server/src/katago/coords.ts": {
    "path": "/Users/larry/Git/my/zGo/server/src/katago/coords.ts",
    "statementMap": {
      "0": {
        "start": { "line": 1, "column": 20 },
        "end": { "line": 1, "column": null }
      },
      "1": {
        "start": { "line": 8, "column": 13 },
        "end": { "line": 9, "column": null }
      },
      "2": {
        "start": { "line": 9, "column": 2 },
        "end": { "line": 9, "column": null }
      },
      "3": {
        "start": { "line": 11, "column": 13 },
        "end": { "line": 16, "column": null }
      },
      "4": {
        "start": { "line": 12, "column": 2 },
        "end": { "line": 12, "column": null }
      },
      "5": {
        "start": { "line": 12, "column": 62 },
        "end": { "line": 12, "column": null }
      },
      "6": {
        "start": { "line": 13, "column": 2 },
        "end": { "line": 16, "column": null }
      },
      "7": {
        "start": { "line": 19, "column": 13 },
        "end": { "line": 52, "column": null }
      },
      "8": {
        "start": { "line": 23, "column": 25 },
        "end": { "line": 23, "column": 27 }
      },
      "9": {
        "start": { "line": 24, "column": 2 },
        "end": { "line": 50, "column": null }
      },
      "10": {
        "start": { "line": 25, "column": 16 },
        "end": { "line": 25, "column": null }
      },
      "11": {
        "start": { "line": 26, "column": 16 },
        "end": { "line": 26, "column": null }
      },
      "12": {
        "start": { "line": 27, "column": 16 },
        "end": { "line": 27, "column": 41 }
      },
      "13": {
        "start": { "line": 29, "column": 30 },
        "end": { "line": 34, "column": null }
      },
      "14": {
        "start": { "line": 35, "column": 28 },
        "end": { "line": 40, "column": null }
      },
      "15": {
        "start": { "line": 41, "column": 27 },
        "end": { "line": 41, "column": null }
      },
      "16": {
        "start": { "line": 43, "column": 4 },
        "end": { "line": 50, "column": null }
      },
      "17": {
        "start": { "line": 43, "column": 24 },
        "end": { "line": 43, "column": null }
      },
      "18": {
        "start": { "line": 44, "column": 13 },
        "end": { "line": 50, "column": null }
      },
      "19": {
        "start": { "line": 44, "column": 29 },
        "end": { "line": 44, "column": null }
      },
      "20": {
        "start": { "line": 45, "column": 13 },
        "end": { "line": 50, "column": null }
      },
      "21": {
        "start": { "line": 45, "column": 29 },
        "end": { "line": 45, "column": null }
      },
      "22": {
        "start": { "line": 46, "column": 13 },
        "end": { "line": 50, "column": null }
      },
      "23": {
        "start": { "line": 46, "column": 29 },
        "end": { "line": 46, "column": null }
      },
      "24": {
        "start": { "line": 47, "column": 13 },
        "end": { "line": 50, "column": null }
      },
      "25": {
        "start": { "line": 47, "column": 29 },
        "end": { "line": 47, "column": null }
      },
      "26": {
        "start": { "line": 48, "column": 13 },
        "end": { "line": 50, "column": null }
      },
      "27": {
        "start": { "line": 48, "column": 29 },
        "end": { "line": 48, "column": null }
      },
      "28": {
        "start": { "line": 49, "column": 13 },
        "end": { "line": 50, "column": null }
      },
      "29": {
        "start": { "line": 49, "column": 29 },
        "end": { "line": 49, "column": null }
      },
      "30": {
        "start": { "line": 50, "column": 13 },
        "end": { "line": 50, "column": null }
      },
      "31": {
        "start": { "line": 50, "column": 28 },
        "end": { "line": 50, "column": null }
      },
      "32": {
        "start": { "line": 52, "column": 2 },
        "end": { "line": 52, "column": null }
      }
    },
    "fnMap": {
      "0": {
        "name": "(anonymous_0)",
        "decl": {
          "start": { "line": 8, "column": 13 },
          "end": { "line": 8, "column": 28 }
        },
        "loc": {
          "start": { "line": 9, "column": 2 },
          "end": { "line": 9, "column": null }
        },
        "line": 9
      },
      "1": {
        "name": "(anonymous_1)",
        "decl": {
          "start": { "line": 11, "column": 13 },
          "end": { "line": 11, "column": 28 }
        },
        "loc": {
          "start": { "line": 11, "column": 75 },
          "end": { "line": 16, "column": null }
        },
        "line": 11
      },
      "2": {
        "name": "(anonymous_2)",
        "decl": {
          "start": { "line": 19, "column": 13 },
          "end": { "line": 19, "column": null }
        },
        "loc": {
          "start": { "line": 22, "column": 15 },
          "end": { "line": 52, "column": null }
        },
        "line": 22
      }
    },
    "branchMap": {
      "0": {
        "loc": {
          "start": { "line": 8, "column": 50 },
          "end": { "line": 8, "column": null }
        },
        "type": "default-arg",
        "locations": [
          {
            "start": { "line": 8, "column": 62 },
            "end": { "line": 8, "column": null }
          }
        ],
        "line": 8
      },
      "1": {
        "loc": {
          "start": { "line": 11, "column": 41 },
          "end": { "line": 11, "column": 75 }
        },
        "type": "default-arg",
        "locations": [
          {
            "start": { "line": 11, "column": 53 },
            "end": { "line": 11, "column": 75 }
          }
        ],
        "line": 11
      },
      "2": {
        "loc": {
          "start": { "line": 12, "column": 2 },
          "end": { "line": 12, "column": null }
        },
        "type": "if",
        "locations": [
          {
            "start": { "line": 12, "column": 2 },
            "end": { "line": 12, "column": null }
          },
          { "start": {}, "end": {} }
        ],
        "line": 12
      },
      "3": {
        "loc": {
          "start": { "line": 12, "column": 6 },
          "end": { "line": 12, "column": 60 }
        },
        "type": "binary-expr",
        "locations": [
          {
            "start": { "line": 12, "column": 6 },
            "end": { "line": 12, "column": 14 }
          },
          {
            "start": { "line": 12, "column": 14 },
            "end": { "line": 12, "column": 60 }
          }
        ],
        "line": 12
      },
      "4": {
        "loc": {
          "start": { "line": 24, "column": 2 },
          "end": { "line": 50, "column": null }
        },
        "type": "if",
        "locations": [
          {
            "start": { "line": 24, "column": 2 },
            "end": { "line": 50, "column": null }
          },
          { "start": {}, "end": {} }
        ],
        "line": 24
      },
      "5": {
        "loc": {
          "start": { "line": 24, "column": 6 },
          "end": { "line": 24, "column": 38 }
        },
        "type": "binary-expr",
        "locations": [
          {
            "start": { "line": 24, "column": 6 },
            "end": { "line": 24, "column": 22 }
          },
          {
            "start": { "line": 24, "column": 22 },
            "end": { "line": 24, "column": 38 }
          }
        ],
        "line": 24
      },
      "6": {
        "loc": {
          "start": { "line": 25, "column": 16 },
          "end": { "line": 25, "column": null }
        },
        "type": "cond-expr",
        "locations": [
          {
            "start": { "line": 25, "column": 34 },
            "end": { "line": 25, "column": 38 }
          },
          {
            "start": { "line": 25, "column": 38 },
            "end": { "line": 25, "column": null }
          }
        ],
        "line": 25
      },
      "7": {
        "loc": {
          "start": { "line": 43, "column": 4 },
          "end": { "line": 50, "column": null }
        },
        "type": "if",
        "locations": [
          {
            "start": { "line": 43, "column": 4 },
            "end": { "line": 50, "column": null }
          },
          {
            "start": { "line": 44, "column": 13 },
            "end": { "line": 50, "column": null }
          }
        ],
        "line": 43
      },
      "8": {
        "loc": {
          "start": { "line": 44, "column": 13 },
          "end": { "line": 50, "column": null }
        },
        "type": "if",
        "locations": [
          {
            "start": { "line": 44, "column": 13 },
            "end": { "line": 50, "column": null }
          },
          {
            "start": { "line": 45, "column": 13 },
            "end": { "line": 50, "column": null }
          }
        ],
        "line": 44
      },
      "9": {
        "loc": {
          "start": { "line": 45, "column": 13 },
          "end": { "line": 50, "column": null }
        },
        "type": "if",
        "locations": [
          {
            "start": { "line": 45, "column": 13 },
            "end": { "line": 50, "column": null }
          },
          {
            "start": { "line": 46, "column": 13 },
            "end": { "line": 50, "column": null }
          }
        ],
        "line": 45
      },
      "10": {
        "loc": {
          "start": { "line": 46, "column": 13 },
          "end": { "line": 50, "column": null }
        },
        "type": "if",
        "locations": [
          {
            "start": { "line": 46, "column": 13 },
            "end": { "line": 50, "column": null }
          },
          {
            "start": { "line": 47, "column": 13 },
            "end": { "line": 50, "column": null }
          }
        ],
        "line": 46
      },
      "11": {
        "loc": {
          "start": { "line": 47, "column": 13 },
          "end": { "line": 50, "column": null }
        },
        "type": "if",
        "locations": [
          {
            "start": { "line": 47, "column": 13 },
            "end": { "line": 50, "column": null }
          },
          {
            "start": { "line": 48, "column": 13 },
            "end": { "line": 50, "column": null }
          }
        ],
        "line": 47
      },
      "12": {
        "loc": {
          "start": { "line": 48, "column": 13 },
          "end": { "line": 50, "column": null }
        },
        "type": "if",
        "locations": [
          {
            "start": { "line": 48, "column": 13 },
            "end": { "line": 50, "column": null }
          },
          {
            "start": { "line": 49, "column": 13 },
            "end": { "line": 50, "column": null }
          }
        ],
        "line": 48
      },
      "13": {
        "loc": {
          "start": { "line": 49, "column": 13 },
          "end": { "line": 50, "column": null }
        },
        "type": "if",
        "locations": [
          {
            "start": { "line": 49, "column": 13 },
            "end": { "line": 50, "column": null }
          },
          {
            "start": { "line": 50, "column": 13 },
            "end": { "line": 50, "column": null }
          }
        ],
        "line": 49
      },
      "14": {
        "loc": {
          "start": { "line": 50, "column": 13 },
          "end": { "line": 50, "column": null }
        },
        "type": "if",
        "locations": [
          {
            "start": { "line": 50, "column": 13 },
            "end": { "line": 50, "column": null }
          },
          { "start": {}, "end": {} }
        ],
        "line": 50
      }
    },
    "s": {
      "0": 1,
      "1": 1,
      "2": 372,
      "3": 1,
      "4": 372,
      "5": 5,
      "6": 367,
      "7": 1,
      "8": 13,
      "9": 13,
      "10": 10,
      "11": 10,
      "12": 10,
      "13": 10,
      "14": 10,
      "15": 10,
      "16": 10,
      "17": 1,
      "18": 9,
      "19": 1,
      "20": 8,
      "21": 2,
      "22": 6,
      "23": 2,
      "24": 4,
      "25": 1,
      "26": 3,
      "27": 1,
      "28": 2,
      "29": 1,
      "30": 1,
      "31": 1,
      "32": 13
    },
    "f": { "0": 372, "1": 372, "2": 13 },
    "b": {
      "0": [372],
      "1": [372],
      "2": [5, 367],
      "3": [372, 371],
      "4": [10, 3],
      "5": [13, 11],
      "6": [9, 1],
      "7": [1, 9],
      "8": [1, 8],
      "9": [2, 6],
      "10": [2, 4],
      "11": [1, 3],
      "12": [1, 2],
      "13": [1, 1],
      "14": [1, 0]
    },
    "meta": {
      "lastBranch": 15,
      "lastFunction": 3,
      "lastStatement": 33,
      "seen": {
        "s:1:20:1:Infinity": 0,
        "s:8:13:9:Infinity": 1,
        "f:8:13:8:28": 0,
        "s:9:2:9:Infinity": 2,
        "b:8:62:8:Infinity": 0,
        "s:11:13:16:Infinity": 3,
        "f:11:13:11:28": 1,
        "b:11:53:11:75": 1,
        "b:12:2:12:Infinity:undefined:undefined:undefined:undefined": 2,
        "s:12:2:12:Infinity": 4,
        "b:12:6:12:14:12:14:12:60": 3,
        "s:12:62:12:Infinity": 5,
        "s:13:2:16:Infinity": 6,
        "s:19:13:52:Infinity": 7,
        "f:19:13:19:Infinity": 2,
        "s:23:25:23:27": 8,
        "b:24:2:50:Infinity:undefined:undefined:undefined:undefined": 4,
        "s:24:2:50:Infinity": 9,
        "b:24:6:24:22:24:22:24:38": 5,
        "s:25:16:25:Infinity": 10,
        "b:25:34:25:38:25:38:25:Infinity": 6,
        "s:26:16:26:Infinity": 11,
        "s:27:16:27:41": 12,
        "s:29:30:34:Infinity": 13,
        "s:35:28:40:Infinity": 14,
        "s:41:27:41:Infinity": 15,
        "b:43:4:50:Infinity:44:13:50:Infinity": 7,
        "s:43:4:50:Infinity": 16,
        "s:43:24:43:Infinity": 17,
        "b:44:13:50:Infinity:45:13:50:Infinity": 8,
        "s:44:13:50:Infinity": 18,
        "s:44:29:44:Infinity": 19,
        "b:45:13:50:Infinity:46:13:50:Infinity": 9,
        "s:45:13:50:Infinity": 20,
        "s:45:29:45:Infinity": 21,
        "b:46:13:50:Infinity:47:13:50:Infinity": 10,
        "s:46:13:50:Infinity": 22,
        "s:46:29:46:Infinity": 23,
        "b:47:13:50:Infinity:48:13:50:Infinity": 11,
        "s:47:13:50:Infinity": 24,
        "s:47:29:47:Infinity": 25,
        "b:48:13:50:Infinity:49:13:50:Infinity": 12,
        "s:48:13:50:Infinity": 26,
        "s:48:29:48:Infinity": 27,
        "b:49:13:50:Infinity:50:13:50:Infinity": 13,
        "s:49:13:50:Infinity": 28,
        "s:49:29:49:Infinity": 29,
        "b:50:13:50:Infinity:undefined:undefined:undefined:undefined": 14,
        "s:50:13:50:Infinity": 30,
        "s:50:28:50:Infinity": 31,
        "s:52:2:52:Infinity": 32
      }
    }
  },
  "/Users/larry/Git/my/zGo/server/src/katago/tactics.ts": {
    "path": "/Users/larry/Git/my/zGo/server/src/katago/tactics.ts",
    "statementMap": {
      "0": {
        "start": { "line": 11, "column": 13 },
        "end": { "line": 169, "column": null }
      },
      "1": {
        "start": { "line": 19, "column": 19 },
        "end": { "line": 19, "column": null }
      },
      "2": {
        "start": { "line": 20, "column": 18 },
        "end": { "line": 20, "column": null }
      },
      "3": {
        "start": { "line": 21, "column": 26 },
        "end": { "line": 21, "column": null }
      },
      "4": {
        "start": { "line": 23, "column": 8 },
        "end": { "line": 59, "column": null }
      },
      "5": {
        "start": { "line": 24, "column": 15 },
        "end": { "line": 24, "column": null }
      },
      "6": {
        "start": { "line": 25, "column": 20 },
        "end": { "line": 25, "column": 37 }
      },
      "7": {
        "start": { "line": 26, "column": 38 },
        "end": { "line": 26, "column": 48 }
      },
      "8": {
        "start": { "line": 27, "column": 4 },
        "end": { "line": 27, "column": null }
      },
      "9": {
        "start": { "line": 27, "column": 51 },
        "end": { "line": 27, "column": null }
      },
      "10": {
        "start": { "line": 28, "column": 24 },
        "end": { "line": 28, "column": null }
      },
      "11": {
        "start": { "line": 29, "column": 4 },
        "end": { "line": 29, "column": null }
      },
      "12": {
        "start": { "line": 30, "column": 4 },
        "end": { "line": 53, "column": null }
      },
      "13": {
        "start": { "line": 31, "column": 23 },
        "end": { "line": 31, "column": 34 }
      },
      "14": {
        "start": { "line": 32, "column": 6 },
        "end": { "line": 53, "column": null }
      },
      "15": {
        "start": { "line": 38, "column": 19 },
        "end": { "line": 38, "column": null }
      },
      "16": {
        "start": { "line": 39, "column": 19 },
        "end": { "line": 39, "column": null }
      },
      "17": {
        "start": { "line": 40, "column": 8 },
        "end": { "line": 53, "column": null }
      },
      "18": {
        "start": { "line": 46, "column": 22 },
        "end": { "line": 46, "column": null }
      },
      "19": {
        "start": { "line": 47, "column": 10 },
        "end": { "line": 53, "column": null }
      },
      "20": {
        "start": { "line": 48, "column": 12 },
        "end": { "line": 53, "column": null }
      },
      "21": {
        "start": { "line": 49, "column": 14 },
        "end": { "line": 49, "column": null }
      },
      "22": {
        "start": { "line": 50, "column": 14 },
        "end": { "line": 50, "column": null }
      },
      "23": {
        "start": { "line": 51, "column": 23 },
        "end": { "line": 53, "column": null }
      },
      "24": {
        "start": { "line": 52, "column": 14 },
        "end": { "line": 52, "column": null }
      },
      "25": {
        "start": { "line": 53, "column": 14 },
        "end": { "line": 53, "column": null }
      },
      "26": {
        "start": { "line": 59, "column": 4 },
        "end": { "line": 59, "column": null }
      },
      "27": {
        "start": { "line": 62, "column": 18 },
        "end": { "line": 62, "column": null }
      },
      "28": {
        "start": { "line": 63, "column": 16 },
        "end": { "line": 63, "column": null }
      },
      "29": {
        "start": { "line": 64, "column": 17 },
        "end": { "line": 64, "column": null }
      },
      "30": {
        "start": { "line": 65, "column": 21 },
        "end": { "line": 65, "column": null }
      },
      "31": {
        "start": { "line": 66, "column": 14 },
        "end": { "line": 66, "column": null }
      },
      "32": {
        "start": { "line": 68, "column": 2 },
        "end": { "line": 85, "column": null }
      },
      "33": {
        "start": { "line": 74, "column": 15 },
        "end": { "line": 74, "column": null }
      },
      "34": {
        "start": { "line": 75, "column": 15 },
        "end": { "line": 75, "column": null }
      },
      "35": {
        "start": { "line": 76, "column": 4 },
        "end": { "line": 85, "column": null }
      },
      "36": {
        "start": { "line": 77, "column": 6 },
        "end": { "line": 77, "column": null }
      },
      "37": {
        "start": { "line": 77, "column": 22 },
        "end": { "line": 77, "column": null }
      },
      "38": {
        "start": { "line": 78, "column": 20 },
        "end": { "line": 78, "column": null }
      },
      "39": {
        "start": { "line": 79, "column": 6 },
        "end": { "line": 85, "column": null }
      },
      "40": {
        "start": { "line": 80, "column": 21 },
        "end": { "line": 80, "column": 41 }
      },
      "41": {
        "start": { "line": 81, "column": 8 },
        "end": { "line": 81, "column": null }
      },
      "42": {
        "start": { "line": 81, "column": 24 },
        "end": { "line": 81, "column": null }
      },
      "43": {
        "start": { "line": 82, "column": 8 },
        "end": { "line": 82, "column": null }
      },
      "44": {
        "start": { "line": 82, "column": 24 },
        "end": { "line": 82, "column": null }
      },
      "45": {
        "start": { "line": 83, "column": 17 },
        "end": { "line": 85, "column": null }
      },
      "46": {
        "start": { "line": 84, "column": 8 },
        "end": { "line": 84, "column": null }
      },
      "47": {
        "start": { "line": 84, "column": 40 },
        "end": { "line": 84, "column": null }
      },
      "48": {
        "start": { "line": 85, "column": 8 },
        "end": { "line": 85, "column": null }
      },
      "49": {
        "start": { "line": 90, "column": 17 },
        "end": { "line": 90, "column": null }
      },
      "50": {
        "start": { "line": 91, "column": 2 },
        "end": { "line": 107, "column": null }
      },
      "51": {
        "start": { "line": 97, "column": 15 },
        "end": { "line": 97, "column": null }
      },
      "52": {
        "start": { "line": 98, "column": 15 },
        "end": { "line": 98, "column": null }
      },
      "53": {
        "start": { "line": 99, "column": 4 },
        "end": { "line": 107, "column": null }
      },
      "54": {
        "start": { "line": 107, "column": 6 },
        "end": { "line": 107, "column": null }
      },
      "55": {
        "start": { "line": 109, "column": 2 },
        "end": { "line": 109, "column": null }
      },
      "56": {
        "start": { "line": 109, "column": 21 },
        "end": { "line": 109, "column": null }
      },
      "57": {
        "start": { "line": 111, "column": 22 },
        "end": { "line": 111, "column": null }
      },
      "58": {
        "start": { "line": 112, "column": 8 },
        "end": { "line": 114, "column": null }
      },
      "59": {
        "start": { "line": 115, "column": 20 },
        "end": { "line": 115, "column": null }
      },
      "60": {
        "start": { "line": 116, "column": 8 },
        "end": { "line": 121, "column": null }
      },
      "61": {
        "start": { "line": 123, "column": 2 },
        "end": { "line": 128, "column": null }
      },
      "62": {
        "start": { "line": 124, "column": 4 },
        "end": { "line": 128, "column": null }
      },
      "63": {
        "start": { "line": 129, "column": 2 },
        "end": { "line": 134, "column": null }
      },
      "64": {
        "start": { "line": 130, "column": 4 },
        "end": { "line": 134, "column": null }
      },
      "65": {
        "start": { "line": 135, "column": 2 },
        "end": { "line": 140, "column": null }
      },
      "66": {
        "start": { "line": 136, "column": 4 },
        "end": { "line": 140, "column": null }
      },
      "67": {
        "start": { "line": 141, "column": 2 },
        "end": { "line": 146, "column": null }
      },
      "68": {
        "start": { "line": 142, "column": 4 },
        "end": { "line": 146, "column": null }
      },
      "69": {
        "start": { "line": 147, "column": 2 },
        "end": { "line": 152, "column": null }
      },
      "70": {
        "start": { "line": 148, "column": 4 },
        "end": { "line": 152, "column": null }
      },
      "71": {
        "start": { "line": 153, "column": 2 },
        "end": { "line": 158, "column": null }
      },
      "72": {
        "start": { "line": 154, "column": 4 },
        "end": { "line": 158, "column": null }
      },
      "73": {
        "start": { "line": 159, "column": 2 },
        "end": { "line": 164, "column": null }
      },
      "74": {
        "start": { "line": 160, "column": 4 },
        "end": { "line": 164, "column": null }
      },
      "75": {
        "start": { "line": 165, "column": 2 },
        "end": { "line": 169, "column": null }
      },
      "76": {
        "start": { "line": 172, "column": 13 },
        "end": { "line": 181, "column": null }
      },
      "77": {
        "start": { "line": 180, "column": 18 },
        "end": { "line": 180, "column": 73 }
      },
      "78": {
        "start": { "line": 181, "column": 2 },
        "end": { "line": 181, "column": null }
      }
    },
    "fnMap": {
      "0": {
        "name": "(anonymous_0)",
        "decl": {
          "start": { "line": 11, "column": 13 },
          "end": { "line": 11, "column": null }
        },
        "loc": {
          "start": { "line": 18, "column": 20 },
          "end": { "line": 169, "column": null }
        },
        "line": 18
      },
      "1": {
        "name": "(anonymous_1)",
        "decl": {
          "start": { "line": 23, "column": 8 },
          "end": { "line": 23, "column": 24 }
        },
        "loc": {
          "start": { "line": 23, "column": 59 },
          "end": { "line": 59, "column": null }
        },
        "line": 23
      },
      "2": {
        "name": "(anonymous_2)",
        "decl": {
          "start": { "line": 172, "column": 13 },
          "end": { "line": 172, "column": null }
        },
        "loc": {
          "start": { "line": 179, "column": 13 },
          "end": { "line": 181, "column": null }
        },
        "line": 179
      }
    },
    "branchMap": {
      "0": {
        "loc": {
          "start": { "line": 16, "column": 2 },
          "end": { "line": 16, "column": null }
        },
        "type": "default-arg",
        "locations": [
          {
            "start": { "line": 16, "column": 13 },
            "end": { "line": 16, "column": null }
          }
        ],
        "line": 16
      },
      "1": {
        "loc": {
          "start": { "line": 17, "column": 2 },
          "end": { "line": 17, "column": null }
        },
        "type": "default-arg",
        "locations": [
          {
            "start": { "line": 17, "column": 14 },
            "end": { "line": 17, "column": null }
          }
        ],
        "line": 17
      },
      "2": {
        "loc": {
          "start": { "line": 19, "column": 19 },
          "end": { "line": 19, "column": null }
        },
        "type": "cond-expr",
        "locations": [
          {
            "start": { "line": 19, "column": 35 },
            "end": { "line": 19, "column": 45 }
          },
          {
            "start": { "line": 19, "column": 45 },
            "end": { "line": 19, "column": null }
          }
        ],
        "line": 19
      },
      "3": {
        "loc": {
          "start": { "line": 20, "column": 18 },
          "end": { "line": 20, "column": null }
        },
        "type": "cond-expr",
        "locations": [
          {
            "start": { "line": 20, "column": 34 },
            "end": { "line": 20, "column": 44 }
          },
          {
            "start": { "line": 20, "column": 44 },
            "end": { "line": 20, "column": null }
          }
        ],
        "line": 20
      },
      "4": {
        "loc": {
          "start": { "line": 21, "column": 26 },
          "end": { "line": 21, "column": null }
        },
        "type": "binary-expr",
        "locations": [
          {
            "start": { "line": 21, "column": 26 },
            "end": { "line": 21, "column": 43 }
          },
          {
            "start": { "line": 21, "column": 43 },
            "end": { "line": 21, "column": null }
          }
        ],
        "line": 21
      },
      "5": {
        "loc": {
          "start": { "line": 27, "column": 4 },
          "end": { "line": 27, "column": null }
        },
        "type": "if",
        "locations": [
          {
            "start": { "line": 27, "column": 4 },
            "end": { "line": 27, "column": null }
          },
          { "start": {}, "end": {} }
        ],
        "line": 27
      },
      "6": {
        "loc": {
          "start": { "line": 27, "column": 8 },
          "end": { "line": 27, "column": 51 }
        },
        "type": "binary-expr",
        "locations": [
          {
            "start": { "line": 27, "column": 8 },
            "end": { "line": 27, "column": 22 }
          },
          {
            "start": { "line": 27, "column": 22 },
            "end": { "line": 27, "column": 51 }
          }
        ],
        "line": 27
      },
      "7": {
        "loc": {
          "start": { "line": 40, "column": 8 },
          "end": { "line": 53, "column": null }
        },
        "type": "if",
        "locations": [
          {
            "start": { "line": 40, "column": 8 },
            "end": { "line": 53, "column": null }
          },
          { "start": {}, "end": {} }
        ],
        "line": 40
      },
      "8": {
        "loc": {
          "start": { "line": 41, "column": 10 },
          "end": { "line": 44, "column": null }
        },
        "type": "binary-expr",
        "locations": [
          {
            "start": { "line": 41, "column": 10 },
            "end": { "line": 41, "column": null }
          },
          {
            "start": { "line": 42, "column": 10 },
            "end": { "line": 42, "column": null }
          },
          {
            "start": { "line": 43, "column": 10 },
            "end": { "line": 43, "column": null }
          },
          {
            "start": { "line": 44, "column": 10 },
            "end": { "line": 44, "column": null }
          }
        ],
        "line": 41
      },
      "9": {
        "loc": {
          "start": { "line": 47, "column": 10 },
          "end": { "line": 53, "column": null }
        },
        "type": "if",
        "locations": [
          {
            "start": { "line": 47, "column": 10 },
            "end": { "line": 53, "column": null }
          },
          { "start": {}, "end": {} }
        ],
        "line": 47
      },
      "10": {
        "loc": {
          "start": { "line": 48, "column": 12 },
          "end": { "line": 53, "column": null }
        },
        "type": "if",
        "locations": [
          {
            "start": { "line": 48, "column": 12 },
            "end": { "line": 53, "column": null }
          },
          {
            "start": { "line": 51, "column": 23 },
            "end": { "line": 53, "column": null }
          }
        ],
        "line": 48
      },
      "11": {
        "loc": {
          "start": { "line": 48, "column": 16 },
          "end": { "line": 48, "column": 53 }
        },
        "type": "binary-expr",
        "locations": [
          {
            "start": { "line": 48, "column": 16 },
            "end": { "line": 48, "column": 29 }
          },
          {
            "start": { "line": 48, "column": 29 },
            "end": { "line": 48, "column": 53 }
          }
        ],
        "line": 48
      },
      "12": {
        "loc": {
          "start": { "line": 51, "column": 23 },
          "end": { "line": 53, "column": null }
        },
        "type": "if",
        "locations": [
          {
            "start": { "line": 51, "column": 23 },
            "end": { "line": 53, "column": null }
          },
          { "start": {}, "end": {} }
        ],
        "line": 51
      },
      "13": {
        "loc": {
          "start": { "line": 51, "column": 23 },
          "end": { "line": 51, "column": 67 }
        },
        "type": "binary-expr",
        "locations": [
          {
            "start": { "line": 51, "column": 23 },
            "end": { "line": 51, "column": 36 }
          },
          {
            "start": { "line": 51, "column": 36 },
            "end": { "line": 51, "column": 67 }
          }
        ],
        "line": 51
      },
      "14": {
        "loc": {
          "start": { "line": 76, "column": 4 },
          "end": { "line": 85, "column": null }
        },
        "type": "if",
        "locations": [
          {
            "start": { "line": 76, "column": 4 },
            "end": { "line": 85, "column": null }
          },
          { "start": {}, "end": {} }
        ],
        "line": 76
      },
      "15": {
        "loc": {
          "start": { "line": 76, "column": 8 },
          "end": { "line": 76, "column": 76 }
        },
        "type": "binary-expr",
        "locations": [
          {
            "start": { "line": 76, "column": 8 },
            "end": { "line": 76, "column": 19 }
          },
          {
            "start": { "line": 76, "column": 19 },
            "end": { "line": 76, "column": 43 }
          },
          {
            "start": { "line": 76, "column": 43 },
            "end": { "line": 76, "column": 54 }
          },
          {
            "start": { "line": 76, "column": 54 },
            "end": { "line": 76, "column": 76 }
          }
        ],
        "line": 76
      },
      "16": {
        "loc": {
          "start": { "line": 77, "column": 6 },
          "end": { "line": 77, "column": null }
        },
        "type": "if",
        "locations": [
          {
            "start": { "line": 77, "column": 6 },
            "end": { "line": 77, "column": null }
          },
          { "start": {}, "end": {} }
        ],
        "line": 77
      },
      "17": {
        "loc": {
          "start": { "line": 79, "column": 6 },
          "end": { "line": 85, "column": null }
        },
        "type": "if",
        "locations": [
          {
            "start": { "line": 79, "column": 6 },
            "end": { "line": 85, "column": null }
          },
          {
            "start": { "line": 83, "column": 17 },
            "end": { "line": 85, "column": null }
          }
        ],
        "line": 79
      },
      "18": {
        "loc": {
          "start": { "line": 81, "column": 8 },
          "end": { "line": 81, "column": null }
        },
        "type": "if",
        "locations": [
          {
            "start": { "line": 81, "column": 8 },
            "end": { "line": 81, "column": null }
          },
          { "start": {}, "end": {} }
        ],
        "line": 81
      },
      "19": {
        "loc": {
          "start": { "line": 82, "column": 8 },
          "end": { "line": 82, "column": null }
        },
        "type": "if",
        "locations": [
          {
            "start": { "line": 82, "column": 8 },
            "end": { "line": 82, "column": null }
          },
          { "start": {}, "end": {} }
        ],
        "line": 82
      },
      "20": {
        "loc": {
          "start": { "line": 83, "column": 17 },
          "end": { "line": 85, "column": null }
        },
        "type": "if",
        "locations": [
          {
            "start": { "line": 83, "column": 17 },
            "end": { "line": 85, "column": null }
          },
          { "start": {}, "end": {} }
        ],
        "line": 83
      },
      "21": {
        "loc": {
          "start": { "line": 84, "column": 8 },
          "end": { "line": 84, "column": null }
        },
        "type": "if",
        "locations": [
          {
            "start": { "line": 84, "column": 8 },
            "end": { "line": 84, "column": null }
          },
          { "start": {}, "end": {} }
        ],
        "line": 84
      },
      "22": {
        "loc": {
          "start": { "line": 99, "column": 4 },
          "end": { "line": 107, "column": null }
        },
        "type": "if",
        "locations": [
          {
            "start": { "line": 99, "column": 4 },
            "end": { "line": 107, "column": null }
          },
          { "start": {}, "end": {} }
        ],
        "line": 99
      },
      "23": {
        "loc": {
          "start": { "line": 100, "column": 6 },
          "end": { "line": 105, "column": null }
        },
        "type": "binary-expr",
        "locations": [
          {
            "start": { "line": 100, "column": 6 },
            "end": { "line": 100, "column": null }
          },
          {
            "start": { "line": 101, "column": 6 },
            "end": { "line": 101, "column": null }
          },
          {
            "start": { "line": 102, "column": 6 },
            "end": { "line": 102, "column": null }
          },
          {
            "start": { "line": 103, "column": 6 },
            "end": { "line": 103, "column": null }
          },
          {
            "start": { "line": 104, "column": 6 },
            "end": { "line": 104, "column": null }
          },
          {
            "start": { "line": 105, "column": 6 },
            "end": { "line": 105, "column": null }
          }
        ],
        "line": 100
      },
      "24": {
        "loc": {
          "start": { "line": 109, "column": 2 },
          "end": { "line": 109, "column": null }
        },
        "type": "if",
        "locations": [
          {
            "start": { "line": 109, "column": 2 },
            "end": { "line": 109, "column": null }
          },
          { "start": {}, "end": {} }
        ],
        "line": 109
      },
      "25": {
        "loc": {
          "start": { "line": 111, "column": 22 },
          "end": { "line": 111, "column": null }
        },
        "type": "cond-expr",
        "locations": [
          {
            "start": { "line": 111, "column": 46 },
            "end": { "line": 111, "column": 50 }
          },
          {
            "start": { "line": 111, "column": 50 },
            "end": { "line": 111, "column": null }
          }
        ],
        "line": 111
      },
      "26": {
        "loc": {
          "start": { "line": 112, "column": 8 },
          "end": { "line": 114, "column": null }
        },
        "type": "binary-expr",
        "locations": [
          {
            "start": { "line": 113, "column": 5 },
            "end": { "line": 113, "column": 25 }
          },
          {
            "start": { "line": 113, "column": 25 },
            "end": { "line": 113, "column": null }
          },
          {
            "start": { "line": 114, "column": 5 },
            "end": { "line": 114, "column": 25 }
          },
          {
            "start": { "line": 114, "column": 25 },
            "end": { "line": 114, "column": null }
          }
        ],
        "line": 112
      },
      "27": {
        "loc": {
          "start": { "line": 115, "column": 20 },
          "end": { "line": 115, "column": null }
        },
        "type": "cond-expr",
        "locations": [
          {
            "start": { "line": 115, "column": 44 },
            "end": { "line": 115, "column": 48 }
          },
          {
            "start": { "line": 115, "column": 48 },
            "end": { "line": 115, "column": null }
          }
        ],
        "line": 115
      },
      "28": {
        "loc": {
          "start": { "line": 116, "column": 8 },
          "end": { "line": 121, "column": null }
        },
        "type": "binary-expr",
        "locations": [
          {
            "start": { "line": 117, "column": 5 },
            "end": { "line": 117, "column": null }
          },
          {
            "start": { "line": 118, "column": 6 },
            "end": { "line": 118, "column": null }
          },
          {
            "start": { "line": 119, "column": 6 },
            "end": { "line": 119, "column": null }
          },
          {
            "start": { "line": 120, "column": 6 },
            "end": { "line": 120, "column": null }
          },
          {
            "start": { "line": 121, "column": 4 },
            "end": { "line": 121, "column": null }
          }
        ],
        "line": 116
      },
      "29": {
        "loc": {
          "start": { "line": 123, "column": 2 },
          "end": { "line": 128, "column": null }
        },
        "type": "if",
        "locations": [
          {
            "start": { "line": 123, "column": 2 },
            "end": { "line": 128, "column": null }
          },
          { "start": {}, "end": {} }
        ],
        "line": 123
      },
      "30": {
        "loc": {
          "start": { "line": 129, "column": 2 },
          "end": { "line": 134, "column": null }
        },
        "type": "if",
        "locations": [
          {
            "start": { "line": 129, "column": 2 },
            "end": { "line": 134, "column": null }
          },
          { "start": {}, "end": {} }
        ],
        "line": 129
      },
      "31": {
        "loc": {
          "start": { "line": 135, "column": 2 },
          "end": { "line": 140, "column": null }
        },
        "type": "if",
        "locations": [
          {
            "start": { "line": 135, "column": 2 },
            "end": { "line": 140, "column": null }
          },
          { "start": {}, "end": {} }
        ],
        "line": 135
      },
      "32": {
        "loc": {
          "start": { "line": 141, "column": 2 },
          "end": { "line": 146, "column": null }
        },
        "type": "if",
        "locations": [
          {
            "start": { "line": 141, "column": 2 },
            "end": { "line": 146, "column": null }
          },
          { "start": {}, "end": {} }
        ],
        "line": 141
      },
      "33": {
        "loc": {
          "start": { "line": 147, "column": 2 },
          "end": { "line": 152, "column": null }
        },
        "type": "if",
        "locations": [
          {
            "start": { "line": 147, "column": 2 },
            "end": { "line": 152, "column": null }
          },
          { "start": {}, "end": {} }
        ],
        "line": 147
      },
      "34": {
        "loc": {
          "start": { "line": 153, "column": 2 },
          "end": { "line": 158, "column": null }
        },
        "type": "if",
        "locations": [
          {
            "start": { "line": 153, "column": 2 },
            "end": { "line": 158, "column": null }
          },
          { "start": {}, "end": {} }
        ],
        "line": 153
      },
      "35": {
        "loc": {
          "start": { "line": 159, "column": 2 },
          "end": { "line": 164, "column": null }
        },
        "type": "if",
        "locations": [
          {
            "start": { "line": 159, "column": 2 },
            "end": { "line": 164, "column": null }
          },
          { "start": {}, "end": {} }
        ],
        "line": 159
      },
      "36": {
        "loc": {
          "start": { "line": 177, "column": 2 },
          "end": { "line": 177, "column": null }
        },
        "type": "default-arg",
        "locations": [
          {
            "start": { "line": 177, "column": 13 },
            "end": { "line": 177, "column": null }
          }
        ],
        "line": 177
      },
      "37": {
        "loc": {
          "start": { "line": 178, "column": 2 },
          "end": { "line": 178, "column": null }
        },
        "type": "default-arg",
        "locations": [
          {
            "start": { "line": 178, "column": 14 },
            "end": { "line": 178, "column": null }
          }
        ],
        "line": 178
      }
    },
    "s": {
      "0": 1,
      "1": 18,
      "2": 18,
      "3": 18,
      "4": 18,
      "5": 12,
      "6": 12,
      "7": 12,
      "8": 12,
      "9": 0,
      "10": 12,
      "11": 12,
      "12": 12,
      "13": 13,
      "14": 13,
      "15": 52,
      "16": 52,
      "17": 52,
      "18": 52,
      "19": 52,
      "20": 51,
      "21": 27,
      "22": 27,
      "23": 24,
      "24": 1,
      "25": 1,
      "26": 12,
      "27": 18,
      "28": 18,
      "29": 18,
      "30": 18,
      "31": 18,
      "32": 18,
      "33": 72,
      "34": 72,
      "35": 72,
      "36": 71,
      "37": 0,
      "38": 71,
      "39": 71,
      "40": 8,
      "41": 8,
      "42": 4,
      "43": 8,
      "44": 1,
      "45": 63,
      "46": 4,
      "47": 2,
      "48": 4,
      "49": 18,
      "50": 18,
      "51": 72,
      "52": 72,
      "53": 72,
      "54": 8,
      "55": 18,
      "56": 1,
      "57": 18,
      "58": 18,
      "59": 18,
      "60": 18,
      "61": 18,
      "62": 4,
      "63": 14,
      "64": 14,
      "65": 12,
      "66": 12,
      "67": 11,
      "68": 11,
      "69": 10,
      "70": 10,
      "71": 9,
      "72": 9,
      "73": 8,
      "74": 8,
      "75": 7,
      "76": 1,
      "77": 5,
      "78": 5
    },
    "f": { "0": 18, "1": 12, "2": 5 },
    "b": {
      "0": [18],
      "1": [18],
      "2": [11, 7],
      "3": [11, 7],
      "4": [18, 0],
      "5": [0, 12],
      "6": [12, 12],
      "7": [52, 0],
      "8": [52, 52, 52, 52],
      "9": [51, 1],
      "10": [27, 24],
      "11": [51, 51],
      "12": [1, 23],
      "13": [24, 24],
      "14": [71, 1],
      "15": [72, 71, 71, 71],
      "16": [0, 71],
      "17": [8, 63],
      "18": [4, 4],
      "19": [1, 7],
      "20": [4, 59],
      "21": [2, 2],
      "22": [8, 64],
      "23": [72, 71, 71, 71, 71, 71],
      "24": [1, 17],
      "25": [17, 1],
      "26": [18, 10, 8, 0],
      "27": [17, 1],
      "28": [18, 11, 11, 10, 8],
      "29": [4, 14],
      "30": [2, 12],
      "31": [1, 11],
      "32": [1, 10],
      "33": [1, 9],
      "34": [1, 8],
      "35": [1, 7],
      "36": [5],
      "37": [5]
    },
    "meta": {
      "lastBranch": 38,
      "lastFunction": 3,
      "lastStatement": 79,
      "seen": {
        "s:11:13:169:Infinity": 0,
        "f:11:13:11:Infinity": 0,
        "b:16:13:16:Infinity": 0,
        "b:17:14:17:Infinity": 1,
        "s:19:19:19:Infinity": 1,
        "b:19:35:19:45:19:45:19:Infinity": 2,
        "s:20:18:20:Infinity": 2,
        "b:20:34:20:44:20:44:20:Infinity": 3,
        "s:21:26:21:Infinity": 3,
        "b:21:26:21:43:21:43:21:Infinity": 4,
        "s:23:8:59:Infinity": 4,
        "f:23:8:23:24": 1,
        "s:24:15:24:Infinity": 5,
        "s:25:20:25:37": 6,
        "s:26:38:26:48": 7,
        "b:27:4:27:Infinity:undefined:undefined:undefined:undefined": 5,
        "s:27:4:27:Infinity": 8,
        "b:27:8:27:22:27:22:27:51": 6,
        "s:27:51:27:Infinity": 9,
        "s:28:24:28:Infinity": 10,
        "s:29:4:29:Infinity": 11,
        "s:30:4:53:Infinity": 12,
        "s:31:23:31:34": 13,
        "s:32:6:53:Infinity": 14,
        "s:38:19:38:Infinity": 15,
        "s:39:19:39:Infinity": 16,
        "b:40:8:53:Infinity:undefined:undefined:undefined:undefined": 7,
        "s:40:8:53:Infinity": 17,
        "b:41:10:41:Infinity:42:10:42:Infinity:43:10:43:Infinity:44:10:44:Infinity": 8,
        "s:46:22:46:Infinity": 18,
        "b:47:10:53:Infinity:undefined:undefined:undefined:undefined": 9,
        "s:47:10:53:Infinity": 19,
        "b:48:12:53:Infinity:51:23:53:Infinity": 10,
        "s:48:12:53:Infinity": 20,
        "b:48:16:48:29:48:29:48:53": 11,
        "s:49:14:49:Infinity": 21,
        "s:50:14:50:Infinity": 22,
        "b:51:23:53:Infinity:undefined:undefined:undefined:undefined": 12,
        "s:51:23:53:Infinity": 23,
        "b:51:23:51:36:51:36:51:67": 13,
        "s:52:14:52:Infinity": 24,
        "s:53:14:53:Infinity": 25,
        "s:59:4:59:Infinity": 26,
        "s:62:18:62:Infinity": 27,
        "s:63:16:63:Infinity": 28,
        "s:64:17:64:Infinity": 29,
        "s:65:21:65:Infinity": 30,
        "s:66:14:66:Infinity": 31,
        "s:68:2:85:Infinity": 32,
        "s:74:15:74:Infinity": 33,
        "s:75:15:75:Infinity": 34,
        "b:76:4:85:Infinity:undefined:undefined:undefined:undefined": 14,
        "s:76:4:85:Infinity": 35,
        "b:76:8:76:19:76:19:76:43:76:43:76:54:76:54:76:76": 15,
        "b:77:6:77:Infinity:undefined:undefined:undefined:undefined": 16,
        "s:77:6:77:Infinity": 36,
        "s:77:22:77:Infinity": 37,
        "s:78:20:78:Infinity": 38,
        "b:79:6:85:Infinity:83:17:85:Infinity": 17,
        "s:79:6:85:Infinity": 39,
        "s:80:21:80:41": 40,
        "b:81:8:81:Infinity:undefined:undefined:undefined:undefined": 18,
        "s:81:8:81:Infinity": 41,
        "s:81:24:81:Infinity": 42,
        "b:82:8:82:Infinity:undefined:undefined:undefined:undefined": 19,
        "s:82:8:82:Infinity": 43,
        "s:82:24:82:Infinity": 44,
        "b:83:17:85:Infinity:undefined:undefined:undefined:undefined": 20,
        "s:83:17:85:Infinity": 45,
        "b:84:8:84:Infinity:undefined:undefined:undefined:undefined": 21,
        "s:84:8:84:Infinity": 46,
        "s:84:40:84:Infinity": 47,
        "s:85:8:85:Infinity": 48,
        "s:90:17:90:Infinity": 49,
        "s:91:2:107:Infinity": 50,
        "s:97:15:97:Infinity": 51,
        "s:98:15:98:Infinity": 52,
        "b:99:4:107:Infinity:undefined:undefined:undefined:undefined": 22,
        "s:99:4:107:Infinity": 53,
        "b:100:6:100:Infinity:101:6:101:Infinity:102:6:102:Infinity:103:6:103:Infinity:104:6:104:Infinity:105:6:105:Infinity": 23,
        "s:107:6:107:Infinity": 54,
        "b:109:2:109:Infinity:undefined:undefined:undefined:undefined": 24,
        "s:109:2:109:Infinity": 55,
        "s:109:21:109:Infinity": 56,
        "s:111:22:111:Infinity": 57,
        "b:111:46:111:50:111:50:111:Infinity": 25,
        "s:112:8:114:Infinity": 58,
        "b:113:5:113:25:113:25:113:Infinity:114:5:114:25:114:25:114:Infinity": 26,
        "s:115:20:115:Infinity": 59,
        "b:115:44:115:48:115:48:115:Infinity": 27,
        "s:116:8:121:Infinity": 60,
        "b:117:5:117:Infinity:118:6:118:Infinity:119:6:119:Infinity:120:6:120:Infinity:121:4:121:Infinity": 28,
        "b:123:2:128:Infinity:undefined:undefined:undefined:undefined": 29,
        "s:123:2:128:Infinity": 61,
        "s:124:4:128:Infinity": 62,
        "b:129:2:134:Infinity:undefined:undefined:undefined:undefined": 30,
        "s:129:2:134:Infinity": 63,
        "s:130:4:134:Infinity": 64,
        "b:135:2:140:Infinity:undefined:undefined:undefined:undefined": 31,
        "s:135:2:140:Infinity": 65,
        "s:136:4:140:Infinity": 66,
        "b:141:2:146:Infinity:undefined:undefined:undefined:undefined": 32,
        "s:141:2:146:Infinity": 67,
        "s:142:4:146:Infinity": 68,
        "b:147:2:152:Infinity:undefined:undefined:undefined:undefined": 33,
        "s:147:2:152:Infinity": 69,
        "s:148:4:152:Infinity": 70,
        "b:153:2:158:Infinity:undefined:undefined:undefined:undefined": 34,
        "s:153:2:158:Infinity": 71,
        "s:154:4:158:Infinity": 72,
        "b:159:2:164:Infinity:undefined:undefined:undefined:undefined": 35,
        "s:159:2:164:Infinity": 73,
        "s:160:4:164:Infinity": 74,
        "s:165:2:169:Infinity": 75,
        "s:172:13:181:Infinity": 76,
        "f:172:13:172:Infinity": 2,
        "b:177:13:177:Infinity": 36,
        "b:178:14:178:Infinity": 37,
        "s:180:18:180:73": 77,
        "s:181:2:181:Infinity": 78
      }
    }
  },
  "/Users/larry/Git/my/zGo/server/src/shared/lib/i18n.ts": {
    "path": "/Users/larry/Git/my/zGo/server/src/shared/lib/i18n.ts",
    "statementMap": {
      "0": {
        "start": { "line": 6, "column": 51 },
        "end": { "line": 6, "column": 53 }
      },
      "1": {
        "start": { "line": 11, "column": 6 },
        "end": { "line": 51, "column": null }
      },
      "2": {
        "start": { "line": 12, "column": 2 },
        "end": { "line": 12, "column": null }
      },
      "3": {
        "start": { "line": 12, "column": 26 },
        "end": { "line": 12, "column": null }
      },
      "4": {
        "start": { "line": 14, "column": 2 },
        "end": { "line": 47, "column": null }
      },
      "5": {
        "start": { "line": 16, "column": 26 },
        "end": { "line": 26, "column": null }
      },
      "6": {
        "start": { "line": 28, "column": 19 },
        "end": { "line": 28, "column": null }
      },
      "7": {
        "start": { "line": 29, "column": 4 },
        "end": { "line": 32, "column": null }
      },
      "8": {
        "start": { "line": 30, "column": 6 },
        "end": { "line": 32, "column": null }
      },
      "9": {
        "start": { "line": 31, "column": 8 },
        "end": { "line": 31, "column": null }
      },
      "10": {
        "start": { "line": 32, "column": 8 },
        "end": { "line": 32, "column": null }
      },
      "11": {
        "start": { "line": 36, "column": 4 },
        "end": { "line": 44, "column": null }
      },
      "12": {
        "start": { "line": 37, "column": 22 },
        "end": { "line": 37, "column": 56 }
      },
      "13": {
        "start": { "line": 38, "column": 6 },
        "end": { "line": 38, "column": null }
      },
      "14": {
        "start": { "line": 39, "column": 6 },
        "end": { "line": 39, "column": null }
      },
      "15": {
        "start": { "line": 41, "column": 6 },
        "end": { "line": 44, "column": null }
      },
      "16": {
        "start": { "line": 47, "column": 4 },
        "end": { "line": 47, "column": null }
      },
      "17": {
        "start": { "line": 51, "column": 2 },
        "end": { "line": 51, "column": null }
      },
      "18": {
        "start": { "line": 57, "column": 13 },
        "end": { "line": 84, "column": null }
      },
      "19": {
        "start": { "line": 62, "column": 17 },
        "end": { "line": 62, "column": 33 }
      },
      "20": {
        "start": { "line": 63, "column": 25 },
        "end": { "line": 63, "column": 62 }
      },
      "21": {
        "start": { "line": 65, "column": 15 },
        "end": { "line": 65, "column": 29 }
      },
      "22": {
        "start": { "line": 66, "column": 20 },
        "end": { "line": 66, "column": null }
      },
      "23": {
        "start": { "line": 67, "column": 28 },
        "end": { "line": 67, "column": null }
      },
      "24": {
        "start": { "line": 69, "column": 2 },
        "end": { "line": 71, "column": null }
      },
      "25": {
        "start": { "line": 70, "column": 4 },
        "end": { "line": 70, "column": null }
      },
      "26": {
        "start": { "line": 71, "column": 4 },
        "end": { "line": 71, "column": null }
      },
      "27": {
        "start": { "line": 74, "column": 13 },
        "end": { "line": 74, "column": null }
      },
      "28": {
        "start": { "line": 75, "column": 2 },
        "end": { "line": 75, "column": null }
      },
      "29": {
        "start": { "line": 75, "column": 32 },
        "end": { "line": 75, "column": null }
      },
      "30": {
        "start": { "line": 78, "column": 2 },
        "end": { "line": 81, "column": null }
      },
      "31": {
        "start": { "line": 79, "column": 4 },
        "end": { "line": 81, "column": null }
      },
      "32": {
        "start": { "line": 80, "column": 6 },
        "end": { "line": 80, "column": null }
      },
      "33": {
        "start": { "line": 84, "column": 2 },
        "end": { "line": 84, "column": null }
      }
    },
    "fnMap": {
      "0": {
        "name": "(anonymous_0)",
        "decl": {
          "start": { "line": 11, "column": 6 },
          "end": { "line": 11, "column": 20 }
        },
        "loc": {
          "start": { "line": 11, "column": 51 },
          "end": { "line": 51, "column": null }
        },
        "line": 11
      },
      "1": {
        "name": "(anonymous_1)",
        "decl": {
          "start": { "line": 57, "column": 13 },
          "end": { "line": 57, "column": null }
        },
        "loc": {
          "start": { "line": 61, "column": 13 },
          "end": { "line": 84, "column": null }
        },
        "line": 61
      },
      "2": {
        "name": "(anonymous_2)",
        "decl": {
          "start": { "line": 79, "column": 27 },
          "end": { "line": 79, "column": 36 }
        },
        "loc": {
          "start": { "line": 79, "column": 47 },
          "end": { "line": 81, "column": null }
        },
        "line": 79
      }
    },
    "branchMap": {
      "0": {
        "loc": {
          "start": { "line": 12, "column": 2 },
          "end": { "line": 12, "column": null }
        },
        "type": "if",
        "locations": [
          {
            "start": { "line": 12, "column": 2 },
            "end": { "line": 12, "column": null }
          },
          { "start": {}, "end": {} }
        ],
        "line": 12
      },
      "1": {
        "loc": {
          "start": { "line": 30, "column": 6 },
          "end": { "line": 32, "column": null }
        },
        "type": "if",
        "locations": [
          {
            "start": { "line": 30, "column": 6 },
            "end": { "line": 32, "column": null }
          },
          { "start": {}, "end": {} }
        ],
        "line": 30
      },
      "2": {
        "loc": {
          "start": { "line": 36, "column": 4 },
          "end": { "line": 44, "column": null }
        },
        "type": "if",
        "locations": [
          {
            "start": { "line": 36, "column": 4 },
            "end": { "line": 44, "column": null }
          },
          {
            "start": { "line": 40, "column": 11 },
            "end": { "line": 44, "column": null }
          }
        ],
        "line": 36
      },
      "3": {
        "loc": {
          "start": { "line": 63, "column": 25 },
          "end": { "line": 63, "column": 62 }
        },
        "type": "cond-expr",
        "locations": [
          {
            "start": { "line": 63, "column": 41 },
            "end": { "line": 63, "column": 57 }
          },
          {
            "start": { "line": 63, "column": 60 },
            "end": { "line": 63, "column": 62 }
          }
        ],
        "line": 63
      },
      "4": {
        "loc": {
          "start": { "line": 74, "column": 13 },
          "end": { "line": 74, "column": null }
        },
        "type": "cond-expr",
        "locations": [
          {
            "start": { "line": 74, "column": 42 },
            "end": { "line": 74, "column": 51 }
          },
          {
            "start": { "line": 74, "column": 51 },
            "end": { "line": 74, "column": null }
          }
        ],
        "line": 74
      },
      "5": {
        "loc": {
          "start": { "line": 75, "column": 2 },
          "end": { "line": 75, "column": null }
        },
        "type": "if",
        "locations": [
          {
            "start": { "line": 75, "column": 2 },
            "end": { "line": 75, "column": null }
          },
          { "start": {}, "end": {} }
        ],
        "line": 75
      },
      "6": {
        "loc": {
          "start": { "line": 78, "column": 2 },
          "end": { "line": 81, "column": null }
        },
        "type": "if",
        "locations": [
          {
            "start": { "line": 78, "column": 2 },
            "end": { "line": 81, "column": null }
          },
          { "start": {}, "end": {} }
        ],
        "line": 78
      }
    },
    "s": {
      "0": 2,
      "1": 2,
      "2": 46,
      "3": 40,
      "4": 6,
      "5": 6,
      "6": 6,
      "7": 6,
      "8": 10,
      "9": 4,
      "10": 4,
      "11": 6,
      "12": 4,
      "13": 4,
      "14": 4,
      "15": 2,
      "16": 0,
      "17": 2,
      "18": 2,
      "19": 27,
      "20": 27,
      "21": 27,
      "22": 27,
      "23": 27,
      "24": 27,
      "25": 78,
      "26": 78,
      "27": 27,
      "28": 27,
      "29": 1,
      "30": 26,
      "31": 1,
      "32": 1,
      "33": 26
    },
    "f": { "0": 46, "1": 27, "2": 1 },
    "b": {
      "0": [40, 6],
      "1": [4, 6],
      "2": [4, 2],
      "3": [19, 8],
      "4": [23, 4],
      "5": [1, 26],
      "6": [1, 25]
    },
    "meta": {
      "lastBranch": 7,
      "lastFunction": 3,
      "lastStatement": 34,
      "seen": {
        "s:6:51:6:53": 0,
        "s:11:6:51:Infinity": 1,
        "f:11:6:11:20": 0,
        "b:12:2:12:Infinity:undefined:undefined:undefined:undefined": 0,
        "s:12:2:12:Infinity": 2,
        "s:12:26:12:Infinity": 3,
        "s:14:2:47:Infinity": 4,
        "s:16:26:26:Infinity": 5,
        "s:28:19:28:Infinity": 6,
        "s:29:4:32:Infinity": 7,
        "b:30:6:32:Infinity:undefined:undefined:undefined:undefined": 1,
        "s:30:6:32:Infinity": 8,
        "s:31:8:31:Infinity": 9,
        "s:32:8:32:Infinity": 10,
        "b:36:4:44:Infinity:40:11:44:Infinity": 2,
        "s:36:4:44:Infinity": 11,
        "s:37:22:37:56": 12,
        "s:38:6:38:Infinity": 13,
        "s:39:6:39:Infinity": 14,
        "s:41:6:44:Infinity": 15,
        "s:47:4:47:Infinity": 16,
        "s:51:2:51:Infinity": 17,
        "s:57:13:84:Infinity": 18,
        "f:57:13:57:Infinity": 1,
        "s:62:17:62:33": 19,
        "s:63:25:63:62": 20,
        "b:63:41:63:57:63:60:63:62": 3,
        "s:65:15:65:29": 21,
        "s:66:20:66:Infinity": 22,
        "s:67:28:67:Infinity": 23,
        "s:69:2:71:Infinity": 24,
        "s:70:4:70:Infinity": 25,
        "s:71:4:71:Infinity": 26,
        "s:74:13:74:Infinity": 27,
        "b:74:42:74:51:74:51:74:Infinity": 4,
        "b:75:2:75:Infinity:undefined:undefined:undefined:undefined": 5,
        "s:75:2:75:Infinity": 28,
        "s:75:32:75:Infinity": 29,
        "b:78:2:81:Infinity:undefined:undefined:undefined:undefined": 6,
        "s:78:2:81:Infinity": 30,
        "s:79:4:81:Infinity": 31,
        "f:79:27:79:36": 2,
        "s:80:6:80:Infinity": 32,
        "s:84:2:84:Infinity": 33
      }
    }
  }
}
