<?xml version="1.0" encoding="UTF-8"?>
<coverage generated="1774266122369" clover="3.2.0">
  <project timestamp="1774266122369" name="All files">
    <metrics statements="487" coveredstatements="310" conditionals="331" coveredconditionals="209" methods="100" coveredmethods="58" elements="918" coveredelements="577" complexity="0" loc="487" ncloc="487" packages="6" files="9" classes="9"/>
    <package name="entities.board.lib">
      <metrics statements="61" coveredstatements="61" conditionals="47" coveredconditionals="45" methods="5" coveredmethods="5"/>
      <file name="goLogic.ts" path="/Users/larry/Git/my/zGo/client/src/entities/board/lib/goLogic.ts">
        <metrics statements="61" coveredstatements="61" conditionals="47" coveredconditionals="45" methods="5" coveredmethods="5"/>
        <line num="9" count="6" type="stmt"/>
        <line num="14" count="231" type="stmt"/>
        <line num="15" count="231" type="cond" truecount="2" falsecount="0"/>
        <line num="16" count="231" type="cond" truecount="2" falsecount="0"/>
        <line num="17" count="231" type="cond" truecount="2" falsecount="0"/>
        <line num="18" count="231" type="cond" truecount="2" falsecount="0"/>
        <line num="19" count="231" type="stmt"/>
        <line num="22" count="6" type="stmt"/>
        <line num="27" count="125" type="stmt"/>
        <line num="28" count="125" type="cond" truecount="1" falsecount="1"/>
        <line num="29" count="125" type="stmt"/>
        <line num="31" count="125" type="stmt"/>
        <line num="32" count="125" type="stmt"/>
        <line num="33" count="125" type="stmt"/>
        <line num="34" count="125" type="stmt"/>
        <line num="36" count="125" type="stmt"/>
        <line num="38" count="125" type="stmt"/>
        <line num="39" count="127" type="stmt"/>
        <line num="40" count="127" type="stmt"/>
        <line num="42" count="127" type="stmt"/>
        <line num="43" count="494" type="stmt"/>
        <line num="44" count="494" type="stmt"/>
        <line num="46" count="494" type="cond" truecount="2" falsecount="0"/>
        <line num="47" count="415" type="stmt"/>
        <line num="48" count="79" type="cond" truecount="4" falsecount="0"/>
        <line num="49" count="2" type="stmt"/>
        <line num="50" count="2" type="stmt"/>
        <line num="55" count="125" type="stmt"/>
        <line num="58" count="6" type="stmt"/>
        <line num="59" count="39" type="cond" truecount="2" falsecount="0"/>
        <line num="60" count="38" type="stmt"/>
        <line num="61" count="38" type="stmt"/>
        <line num="62" count="208" type="stmt"/>
        <line num="63" count="3385" type="cond" truecount="2" falsecount="0"/>
        <line num="66" count="1" type="stmt"/>
        <line num="69" count="6" type="stmt"/>
        <line num="81" count="109" type="stmt"/>
        <line num="82" count="109" type="cond" truecount="2" falsecount="0"/>
        <line num="89" count="5" type="stmt"/>
        <line num="91" count="1850" type="stmt"/>
        <line num="92" count="104" type="stmt"/>
        <line num="94" count="104" type="cond" truecount="2" falsecount="0"/>
        <line num="95" count="109" type="stmt"/>
        <line num="96" count="109" type="stmt"/>
        <line num="99" count="109" type="stmt"/>
        <line num="100" count="410" type="cond" truecount="2" falsecount="0"/>
        <line num="101" count="29" type="stmt"/>
        <line num="102" count="29" type="cond" truecount="1" falsecount="1"/>
        <line num="104" count="29" type="stmt"/>
        <line num="105" count="29" type="cond" truecount="4" falsecount="0"/>
        <line num="106" count="10" type="stmt"/>
        <line num="107" count="12" type="stmt"/>
        <line num="108" count="12" type="stmt"/>
        <line num="109" count="12" type="stmt"/>
        <line num="118" count="104" type="cond" truecount="2" falsecount="0"/>
        <line num="119" count="96" type="stmt"/>
        <line num="120" count="96" type="cond" truecount="4" falsecount="0"/>
        <line num="121" count="3" type="stmt"/>
        <line num="131" count="101" type="cond" truecount="4" falsecount="0"/>
        <line num="132" count="1" type="stmt"/>
        <line num="135" count="100" type="stmt"/>
      </file>
    </package>
    <package name="entities.match.lib">
      <metrics statements="76" coveredstatements="75" conditionals="54" coveredconditionals="49" methods="15" coveredmethods="15"/>
      <file name="boardUtils.ts" path="/Users/larry/Git/my/zGo/client/src/entities/match/lib/boardUtils.ts">
        <metrics statements="43" coveredstatements="43" conditionals="35" coveredconditionals="33" methods="8" coveredmethods="8"/>
        <line num="4" count="5" type="cond" truecount="1" falsecount="0"/>
        <line num="5" count="76" type="stmt"/>
        <line num="7" count="1374" type="stmt"/>
        <line num="10" count="5" type="stmt"/>
        <line num="11" count="81" type="stmt"/>
        <line num="12" count="81" type="cond" truecount="4" falsecount="0"/>
        <line num="13" count="21" type="cond" truecount="2" falsecount="0"/>
        <line num="14" count="21" type="stmt"/>
        <line num="15" count="21" type="stmt"/>
        <line num="17" count="21" type="stmt"/>
        <line num="23" count="21" type="stmt"/>
        <line num="29" count="21" type="stmt"/>
        <line num="31" count="21" type="cond" truecount="4" falsecount="0"/>
        <line num="32" count="7" type="cond" truecount="2" falsecount="0"/>
        <line num="33" count="5" type="cond" truecount="2" falsecount="0"/>
        <line num="34" count="4" type="cond" truecount="2" falsecount="0"/>
        <line num="35" count="3" type="cond" truecount="2" falsecount="0"/>
        <line num="36" count="2" type="cond" truecount="2" falsecount="0"/>
        <line num="37" count="1" type="cond" truecount="1" falsecount="1"/>
        <line num="38" count="1" type="stmt"/>
        <line num="40" count="81" type="stmt"/>
        <line num="43" count="5" type="stmt"/>
        <line num="47" count="71" type="stmt"/>
        <line num="48" count="71" type="stmt"/>
        <line num="49" count="71" type="stmt"/>
        <line num="50" count="24" type="cond" truecount="3" falsecount="1"/>
        <line num="51" count="24" type="stmt"/>
        <line num="54" count="71" type="stmt"/>
        <line num="57" count="5" type="stmt"/>
        <line num="61" count="64" type="stmt"/>
        <line num="62" count="64" type="stmt"/>
        <line num="77" count="5" type="stmt"/>
        <line num="78" count="157" type="cond" truecount="2" falsecount="0"/>
        <line num="79" count="77" type="stmt"/>
        <line num="80" count="76" type="stmt"/>
        <line num="81" count="76" type="cond" truecount="2" falsecount="0"/>
        <line num="83" count="6" type="stmt"/>
        <line num="86" count="5" type="stmt"/>
        <line num="90" count="58" type="cond" truecount="2" falsecount="0"/>
        <line num="91" count="41" type="stmt"/>
        <line num="92" count="40" type="stmt"/>
        <line num="93" count="40" type="cond" truecount="2" falsecount="0"/>
        <line num="95" count="4" type="stmt"/>
      </file>
      <file name="treeUtils.ts" path="/Users/larry/Git/my/zGo/client/src/entities/match/lib/treeUtils.ts">
        <metrics statements="33" coveredstatements="32" conditionals="19" coveredconditionals="16" methods="7" coveredmethods="7"/>
        <line num="21" count="4" type="stmt"/>
        <line num="22" count="11" type="stmt"/>
        <line num="23" count="11" type="stmt"/>
        <line num="25" count="11" type="stmt"/>
        <line num="26" count="29" type="stmt"/>
        <line num="27" count="29" type="stmt"/>
        <line num="36" count="18" type="stmt"/>
        <line num="40" count="29" type="stmt"/>
        <line num="43" count="11" type="stmt"/>
        <line num="47" count="4" type="stmt"/>
        <line num="52" count="17" type="stmt"/>
        <line num="53" count="11" type="cond" truecount="4" falsecount="1"/>
        <line num="54" count="11" type="stmt"/>
        <line num="55" count="11" type="stmt"/>
        <line num="58" count="0" type="stmt"/>
        <line num="60" count="11" type="stmt"/>
        <line num="64" count="4" type="stmt"/>
        <line num="70" count="6" type="stmt"/>
        <line num="71" count="6" type="stmt"/>
        <line num="74" count="6" type="stmt"/>
        <line num="75" count="17" type="stmt"/>
        <line num="76" count="17" type="stmt"/>
        <line num="93" count="6" type="stmt"/>
        <line num="94" count="17" type="stmt"/>
        <line num="95" count="17" type="cond" truecount="2" falsecount="0"/>
        <line num="96" count="11" type="cond" truecount="1" falsecount="1"/>
        <line num="98" count="17" type="stmt"/>
        <line num="99" count="11" type="stmt"/>
        <line num="100" count="11" type="cond" truecount="1" falsecount="1"/>
        <line num="104" count="6" type="stmt"/>
        <line num="107" count="6" type="stmt"/>
        <line num="109" count="6" type="cond" truecount="2" falsecount="0"/>
        <line num="111" count="6" type="stmt"/>
      </file>
    </package>
    <package name="entities.match.model">
      <metrics statements="218" coveredstatements="136" conditionals="155" coveredconditionals="87" methods="60" coveredmethods="35"/>
      <file name="store.ts" path="/Users/larry/Git/my/zGo/client/src/entities/match/model/store.ts">
        <metrics statements="218" coveredstatements="136" conditionals="155" coveredconditionals="87" methods="60" coveredmethods="35"/>
        <line num="20" count="4" type="stmt"/>
        <line num="22" count="4" type="stmt"/>
        <line num="77" count="3" type="stmt"/>
        <line num="84" count="1" type="stmt"/>
        <line num="85" count="1" type="stmt"/>
        <line num="91" count="2" type="stmt"/>
        <line num="96" count="0" type="stmt"/>
        <line num="108" count="64" type="stmt"/>
        <line num="110" count="64" type="cond" truecount="2" falsecount="2"/>
        <line num="112" count="64" type="cond" truecount="2" falsecount="0"/>
        <line num="116" count="64" type="stmt"/>
        <line num="124" count="64" type="cond" truecount="1" falsecount="1"/>
        <line num="127" count="64" type="cond" truecount="2" falsecount="2"/>
        <line num="131" count="64" type="stmt"/>
        <line num="133" count="64" type="stmt"/>
        <line num="137" count="64" type="stmt"/>
        <line num="138" count="7" type="cond" truecount="1" falsecount="1"/>
        <line num="141" count="64" type="cond" truecount="1" falsecount="1"/>
        <line num="142" count="0" type="stmt"/>
        <line num="143" count="0" type="stmt"/>
        <line num="145" count="64" type="stmt"/>
        <line num="164" count="64" type="stmt"/>
        <line num="166" count="64" type="stmt"/>
        <line num="168" count="64" type="stmt"/>
        <line num="171" count="64" type="cond" truecount="2" falsecount="0"/>
        <line num="172" count="64" type="stmt"/>
        <line num="173" count="64" type="stmt"/>
        <line num="174" count="64" type="stmt"/>
        <line num="175" count="64" type="stmt"/>
        <line num="190" count="4" type="stmt"/>
        <line num="192" count="4" type="cond" truecount="2" falsecount="2"/>
        <line num="195" count="4" type="cond" truecount="2" falsecount="2"/>
        <line num="199" count="4" type="stmt"/>
        <line num="200" count="4" type="stmt"/>
        <line num="202" count="4" type="stmt"/>
        <line num="204" count="4" type="stmt"/>
        <line num="208" count="4" type="stmt"/>
        <line num="209" count="0" type="cond" truecount="0" falsecount="2"/>
        <line num="212" count="4" type="cond" truecount="1" falsecount="1"/>
        <line num="213" count="0" type="stmt"/>
        <line num="215" count="4" type="stmt"/>
        <line num="228" count="4" type="stmt"/>
        <line num="229" count="4" type="stmt"/>
        <line num="233" count="4" type="cond" truecount="2" falsecount="0"/>
        <line num="234" count="4" type="stmt"/>
        <line num="235" count="4" type="stmt"/>
        <line num="236" count="4" type="stmt"/>
        <line num="237" count="4" type="stmt"/>
        <line num="238" count="4" type="stmt"/>
        <line num="244" count="1" type="stmt"/>
        <line num="252" count="2" type="stmt"/>
        <line num="259" count="0" type="stmt"/>
        <line num="261" count="0" type="stmt"/>
        <line num="264" count="0" type="stmt"/>
        <line num="266" count="0" type="stmt"/>
        <line num="268" count="0" type="stmt"/>
        <line num="270" count="0" type="stmt"/>
        <line num="272" count="0" type="stmt"/>
        <line num="276" count="0" type="stmt"/>
        <line num="280" count="5" type="stmt"/>
        <line num="281" count="5" type="cond" truecount="2" falsecount="0"/>
        <line num="282" count="4" type="stmt"/>
        <line num="283" count="4" type="cond" truecount="4" falsecount="0"/>
        <line num="284" count="3" type="stmt"/>
        <line num="285" count="3" type="stmt"/>
        <line num="299" count="8" type="stmt"/>
        <line num="300" count="8" type="stmt"/>
        <line num="301" count="8" type="cond" truecount="3" falsecount="1"/>
        <line num="302" count="8" type="stmt"/>
        <line num="303" count="8" type="stmt"/>
        <line num="315" count="1" type="stmt"/>
        <line num="316" count="1" type="cond" truecount="1" falsecount="1"/>
        <line num="317" count="1" type="stmt"/>
        <line num="318" count="1" type="stmt"/>
        <line num="330" count="3" type="stmt"/>
        <line num="331" count="3" type="stmt"/>
        <line num="332" count="3" type="stmt"/>
        <line num="333" count="5" type="cond" truecount="2" falsecount="0"/>
        <line num="334" count="4" type="stmt"/>
        <line num="335" count="1" type="stmt"/>
        <line num="338" count="3" type="stmt"/>
        <line num="350" count="1" type="stmt"/>
        <line num="351" count="1" type="stmt"/>
        <line num="353" count="1" type="cond" truecount="1" falsecount="1"/>
        <line num="354" count="1" type="stmt"/>
        <line num="366" count="2" type="stmt"/>
        <line num="368" count="2" type="stmt"/>
        <line num="369" count="2" type="cond" truecount="1" falsecount="1"/>
        <line num="370" count="2" type="stmt"/>
        <line num="373" count="2" type="stmt"/>
        <line num="379" count="1" type="stmt"/>
        <line num="381" count="1" type="stmt"/>
        <line num="382" count="2" type="stmt"/>
        <line num="383" count="2" type="cond" truecount="1" falsecount="1"/>
        <line num="384" count="2" type="stmt"/>
        <line num="388" count="1" type="stmt"/>
        <line num="402" count="8" type="cond" truecount="1" falsecount="1"/>
        <line num="403" count="8" type="cond" truecount="1" falsecount="1"/>
        <line num="404" count="8" type="stmt"/>
        <line num="405" count="8" type="stmt"/>
        <line num="407" count="8" type="stmt"/>
        <line num="409" count="12" type="stmt"/>
        <line num="410" count="12" type="cond" truecount="2" falsecount="0"/>
        <line num="412" count="12" type="stmt"/>
        <line num="413" count="12" type="stmt"/>
        <line num="414" count="12" type="cond" truecount="1" falsecount="1"/>
        <line num="415" count="12" type="stmt"/>
        <line num="422" count="12" type="stmt"/>
        <line num="423" count="12" type="stmt"/>
        <line num="426" count="12" type="stmt"/>
        <line num="446" count="12" type="stmt"/>
        <line num="447" count="12" type="stmt"/>
        <line num="450" count="8" type="stmt"/>
        <line num="472" count="6" type="stmt"/>
        <line num="473" count="6" type="stmt"/>
        <line num="474" count="6" type="cond" truecount="1" falsecount="1"/>
        <line num="475" count="0" type="stmt"/>
        <line num="477" count="6" type="cond" truecount="2" falsecount="0"/>
        <line num="478" count="3" type="stmt"/>
        <line num="479" count="3" type="cond" truecount="1" falsecount="1"/>
        <line num="480" count="0" type="stmt"/>
        <line num="482" count="6" type="stmt"/>
        <line num="486" count="0" type="stmt"/>
        <line num="489" count="48" type="stmt"/>
        <line num="491" count="48" type="stmt"/>
        <line num="492" count="48" type="stmt"/>
        <line num="493" count="48" type="cond" truecount="2" falsecount="0"/>
        <line num="495" count="48" type="stmt"/>
        <line num="521" count="4" type="stmt"/>
        <line num="522" count="4" type="stmt"/>
        <line num="526" count="4" type="stmt"/>
        <line num="527" count="4" type="stmt"/>
        <line num="536" count="160" type="stmt"/>
        <line num="537" count="160" type="stmt"/>
        <line num="540" count="9280" type="cond" truecount="4" falsecount="0"/>
        <line num="547" count="160" type="stmt"/>
        <line num="551" count="4" type="stmt"/>
        <line num="552" count="4" type="stmt"/>
        <line num="553" count="4" type="cond" truecount="1" falsecount="1"/>
        <line num="554" count="0" type="stmt"/>
        <line num="555" count="0" type="cond" truecount="0" falsecount="2"/>
        <line num="558" count="0" type="stmt"/>
        <line num="561" count="4" type="cond" truecount="2" falsecount="2"/>
        <line num="562" count="4" type="stmt"/>
        <line num="564" count="0" type="stmt"/>
        <line num="571" count="4" type="stmt"/>
        <line num="584" count="4" type="stmt"/>
        <line num="585" count="4" type="stmt"/>
        <line num="587" count="4" type="stmt"/>
        <line num="588" count="0" type="cond" truecount="0" falsecount="2"/>
        <line num="589" count="0" type="stmt"/>
        <line num="590" count="0" type="stmt"/>
        <line num="591" count="0" type="stmt"/>
        <line num="592" count="0" type="stmt"/>
        <line num="597" count="0" type="stmt"/>
        <line num="599" count="0" type="stmt"/>
        <line num="603" count="4" type="stmt"/>
        <line num="604" count="160" type="cond" truecount="2" falsecount="0"/>
        <line num="608" count="142" type="stmt"/>
        <line num="609" count="142" type="cond" truecount="2" falsecount="0"/>
        <line num="610" count="3" type="stmt"/>
        <line num="611" count="0" type="stmt"/>
        <line num="612" count="0" type="stmt"/>
        <line num="619" count="4" type="cond" truecount="1" falsecount="1"/>
        <line num="620" count="0" type="stmt"/>
        <line num="621" count="0" type="cond" truecount="0" falsecount="2"/>
        <line num="622" count="0" type="cond" truecount="0" falsecount="2"/>
        <line num="623" count="0" type="stmt"/>
        <line num="624" count="0" type="stmt"/>
        <line num="626" count="0" type="stmt"/>
        <line num="632" count="4" type="stmt"/>
        <line num="639" count="0" type="stmt"/>
        <line num="640" count="0" type="stmt"/>
        <line num="643" count="0" type="stmt"/>
        <line num="644" count="0" type="stmt"/>
        <line num="645" count="0" type="stmt"/>
        <line num="646" count="0" type="stmt"/>
        <line num="647" count="0" type="stmt"/>
        <line num="648" count="0" type="stmt"/>
        <line num="649" count="0" type="stmt"/>
        <line num="654" count="0" type="cond" truecount="0" falsecount="2"/>
        <line num="657" count="0" type="stmt"/>
        <line num="658" count="0" type="stmt"/>
        <line num="659" count="0" type="cond" truecount="0" falsecount="2"/>
        <line num="661" count="0" type="cond" truecount="0" falsecount="2"/>
        <line num="664" count="0" type="stmt"/>
        <line num="665" count="0" type="stmt"/>
        <line num="666" count="0" type="stmt"/>
        <line num="668" count="0" type="stmt"/>
        <line num="669" count="0" type="stmt"/>
        <line num="670" count="0" type="stmt"/>
        <line num="672" count="0" type="stmt"/>
        <line num="673" count="0" type="stmt"/>
        <line num="674" count="0" type="stmt"/>
        <line num="676" count="0" type="stmt"/>
        <line num="677" count="0" type="stmt"/>
        <line num="678" count="0" type="cond" truecount="0" falsecount="2"/>
        <line num="679" count="0" type="stmt"/>
        <line num="680" count="0" type="stmt"/>
        <line num="682" count="0" type="stmt"/>
        <line num="683" count="0" type="stmt"/>
        <line num="686" count="0" type="stmt"/>
        <line num="691" count="0" type="cond" truecount="0" falsecount="2"/>
        <line num="692" count="0" type="stmt"/>
        <line num="694" count="0" type="stmt"/>
        <line num="697" count="0" type="cond" truecount="0" falsecount="2"/>
        <line num="698" count="0" type="stmt"/>
        <line num="704" count="0" type="cond" truecount="0" falsecount="2"/>
        <line num="705" count="0" type="stmt"/>
        <line num="706" count="0" type="cond" truecount="0" falsecount="2"/>
        <line num="707" count="0" type="stmt"/>
        <line num="709" count="0" type="stmt"/>
        <line num="710" count="0" type="stmt"/>
        <line num="713" count="0" type="cond" truecount="0" falsecount="2"/>
        <line num="714" count="0" type="cond" truecount="0" falsecount="2"/>
        <line num="715" count="0" type="stmt"/>
        <line num="716" count="0" type="stmt"/>
        <line num="717" count="0" type="stmt"/>
      </file>
    </package>
    <package name="shared.api">
      <metrics statements="95" coveredstatements="13" conditionals="36" coveredconditionals="1" methods="13" coveredmethods="0"/>
      <file name="gameApi.ts" path="/Users/larry/Git/my/zGo/client/src/shared/api/gameApi.ts">
        <metrics statements="94" coveredstatements="12" conditionals="36" coveredconditionals="1" methods="13" coveredmethods="0"/>
        <line num="5" count="4" type="cond" truecount="1" falsecount="1"/>
        <line num="8" count="4" type="cond" truecount="0" falsecount="1"/>
        <line num="9" count="0" type="stmt"/>
        <line num="15" count="4" type="stmt"/>
        <line num="16" count="0" type="cond" truecount="0" falsecount="2"/>
        <line num="17" count="0" type="stmt"/>
        <line num="18" count="0" type="stmt"/>
        <line num="19" count="0" type="stmt"/>
        <line num="20" count="0" type="cond" truecount="0" falsecount="3"/>
        <line num="23" count="0" type="stmt"/>
        <line num="27" count="0" type="cond" truecount="0" falsecount="2"/>
        <line num="28" count="0" type="stmt"/>
        <line num="35" count="0" type="stmt"/>
        <line num="38" count="0" type="stmt"/>
        <line num="39" count="0" type="cond" truecount="0" falsecount="2"/>
        <line num="42" count="4" type="stmt"/>
        <line num="53" count="0" type="stmt"/>
        <line num="54" count="0" type="stmt"/>
        <line num="70" count="0" type="stmt"/>
        <line num="72" count="0" type="stmt"/>
        <line num="76" count="4" type="stmt"/>
        <line num="86" count="0" type="stmt"/>
        <line num="87" count="0" type="stmt"/>
        <line num="102" count="0" type="stmt"/>
        <line num="104" count="0" type="stmt"/>
        <line num="108" count="4" type="stmt"/>
        <line num="114" count="0" type="stmt"/>
        <line num="115" count="0" type="stmt"/>
        <line num="121" count="0" type="stmt"/>
        <line num="123" count="0" type="stmt"/>
        <line num="127" count="4" type="stmt"/>
        <line num="128" count="0" type="stmt"/>
        <line num="129" count="0" type="stmt"/>
        <line num="134" count="0" type="stmt"/>
        <line num="136" count="0" type="stmt"/>
        <line num="140" count="4" type="stmt"/>
        <line num="141" count="0" type="stmt"/>
        <line num="142" count="0" type="stmt"/>
        <line num="143" count="0" type="stmt"/>
        <line num="145" count="0" type="stmt"/>
        <line num="149" count="4" type="stmt"/>
        <line num="150" count="0" type="stmt"/>
        <line num="151" count="0" type="stmt"/>
        <line num="152" count="0" type="stmt"/>
        <line num="154" count="0" type="stmt"/>
        <line num="158" count="4" type="stmt"/>
        <line num="166" count="0" type="stmt"/>
        <line num="167" count="0" type="stmt"/>
        <line num="174" count="0" type="stmt"/>
        <line num="177" count="0" type="cond" truecount="0" falsecount="2"/>
        <line num="179" count="0" type="stmt"/>
        <line num="182" count="0" type="stmt"/>
        <line num="183" count="0" type="cond" truecount="0" falsecount="2"/>
        <line num="184" count="0" type="stmt"/>
        <line num="189" count="0" type="stmt"/>
        <line num="190" count="0" type="stmt"/>
        <line num="192" count="0" type="stmt"/>
        <line num="193" count="0" type="stmt"/>
        <line num="195" count="0" type="stmt"/>
        <line num="196" count="0" type="stmt"/>
        <line num="198" count="0" type="stmt"/>
        <line num="199" count="0" type="stmt"/>
        <line num="200" count="0" type="stmt"/>
        <line num="205" count="0" type="stmt"/>
        <line num="206" count="0" type="stmt"/>
        <line num="210" count="0" type="cond" truecount="0" falsecount="2"/>
        <line num="211" count="0" type="cond" truecount="0" falsecount="2"/>
        <line num="212" count="0" type="stmt"/>
        <line num="214" count="0" type="cond" truecount="0" falsecount="2"/>
        <line num="215" count="0" type="stmt"/>
        <line num="218" count="0" type="stmt"/>
        <line num="219" count="0" type="cond" truecount="0" falsecount="2"/>
        <line num="220" count="0" type="stmt"/>
        <line num="221" count="0" type="cond" truecount="0" falsecount="2"/>
        <line num="222" count="0" type="stmt"/>
        <line num="223" count="0" type="stmt"/>
        <line num="224" count="0" type="cond" truecount="0" falsecount="2"/>
        <line num="225" count="0" type="cond" truecount="0" falsecount="2"/>
        <line num="226" count="0" type="stmt"/>
        <line num="227" count="0" type="cond" truecount="0" falsecount="2"/>
        <line num="231" count="0" type="stmt"/>
        <line num="234" count="0" type="cond" truecount="0" falsecount="2"/>
        <line num="235" count="0" type="stmt"/>
        <line num="241" count="0" type="stmt"/>
        <line num="245" count="4" type="stmt"/>
        <line num="246" count="0" type="stmt"/>
        <line num="247" count="0" type="stmt"/>
        <line num="250" count="0" type="stmt"/>
        <line num="252" count="0" type="stmt"/>
        <line num="256" count="4" type="stmt"/>
        <line num="257" count="0" type="stmt"/>
        <line num="258" count="0" type="stmt"/>
        <line num="261" count="0" type="stmt"/>
        <line num="263" count="0" type="stmt"/>
      </file>
      <file name="queryClient.ts" path="/Users/larry/Git/my/zGo/client/src/shared/api/queryClient.ts">
        <metrics statements="1" coveredstatements="1" conditionals="0" coveredconditionals="0" methods="0" coveredmethods="0"/>
        <line num="3" count="4" type="stmt"/>
      </file>
    </package>
    <package name="shared.lib">
      <metrics statements="23" coveredstatements="23" conditionals="28" coveredconditionals="27" methods="3" coveredmethods="3"/>
      <file name="formatUtils.ts" path="/Users/larry/Git/my/zGo/client/src/shared/lib/formatUtils.ts">
        <metrics statements="15" coveredstatements="15" conditionals="18" coveredconditionals="17" methods="1" coveredmethods="1"/>
        <line num="3" count="1" type="stmt"/>
        <line num="7" count="10" type="cond" truecount="2" falsecount="0"/>
        <line num="8" count="8" type="cond" truecount="2" falsecount="0"/>
        <line num="11" count="7" type="stmt"/>
        <line num="12" count="7" type="cond" truecount="2" falsecount="0"/>
        <line num="14" count="4" type="cond" truecount="2" falsecount="0"/>
        <line num="15" count="4" type="stmt"/>
        <line num="22" count="3" type="stmt"/>
        <line num="25" count="3" type="cond" truecount="2" falsecount="0"/>
        <line num="27" count="2" type="cond" truecount="2" falsecount="0"/>
        <line num="28" count="2" type="cond" truecount="2" falsecount="0"/>
        <line num="29" count="2" type="cond" truecount="2" falsecount="0"/>
        <line num="32" count="2" type="cond" truecount="1" falsecount="1"/>
        <line num="33" count="2" type="stmt"/>
        <line num="37" count="1" type="stmt"/>
      </file>
      <file name="goUtils.ts" path="/Users/larry/Git/my/zGo/client/src/shared/lib/goUtils.ts">
        <metrics statements="8" coveredstatements="8" conditionals="10" coveredconditionals="10" methods="2" coveredmethods="2"/>
        <line num="8" count="5" type="stmt"/>
        <line num="12" count="42" type="cond" truecount="2" falsecount="0"/>
        <line num="24" count="5" type="stmt"/>
        <line num="27" count="2" type="stmt"/>
        <line num="28" count="2" type="stmt"/>
        <line num="29" count="3" type="stmt"/>
        <line num="30" count="3" type="stmt"/>
        <line num="34" count="2" type="stmt"/>
      </file>
    </package>
    <package name="shared.lib.errors">
      <metrics statements="14" coveredstatements="2" conditionals="11" coveredconditionals="0" methods="4" coveredmethods="0"/>
      <file name="AppError.ts" path="/Users/larry/Git/my/zGo/client/src/shared/lib/errors/AppError.ts">
        <metrics statements="14" coveredstatements="2" conditionals="11" coveredconditionals="0" methods="4" coveredmethods="0"/>
        <line num="13" count="0" type="stmt"/>
        <line num="14" count="0" type="stmt"/>
        <line num="15" count="0" type="stmt"/>
        <line num="16" count="0" type="stmt"/>
        <line num="20" count="0" type="stmt"/>
        <line num="24" count="4" type="stmt"/>
        <line num="25" count="0" type="cond" truecount="0" falsecount="4"/>
        <line num="28" count="4" type="stmt"/>
        <line num="32" count="0" type="cond" truecount="0" falsecount="2"/>
        <line num="33" count="0" type="stmt"/>
        <line num="37" count="0" type="cond" truecount="0" falsecount="2"/>
        <line num="38" count="0" type="stmt"/>
        <line num="42" count="0" type="stmt"/>
        <line num="44" count="0" type="stmt"/>
      </file>
    </package>
  </project>
</coverage>
