{
  "/Users/larry/Git/my/zGo/client/src/entities/board/lib/goLogic.ts": {
    "path": "/Users/larry/Git/my/zGo/client/src/entities/board/lib/goLogic.ts",
    "statementMap": {
      "0": {
        "start": { "line": 9, "column": 21 },
        "end": { "line": 20, "column": null }
      },
      "1": {
        "start": { "line": 14, "column": 20 },
        "end": { "line": 14, "column": null }
      },
      "2": {
        "start": { "line": 15, "column": 2 },
        "end": { "line": 15, "column": null }
      },
      "3": {
        "start": { "line": 15, "column": 13 },
        "end": { "line": 15, "column": null }
      },
      "4": {
        "start": { "line": 16, "column": 2 },
        "end": { "line": 16, "column": null }
      },
      "5": {
        "start": { "line": 16, "column": 25 },
        "end": { "line": 16, "column": null }
      },
      "6": {
        "start": { "line": 17, "column": 2 },
        "end": { "line": 17, "column": null }
      },
      "7": {
        "start": { "line": 17, "column": 13 },
        "end": { "line": 17, "column": null }
      },
      "8": {
        "start": { "line": 18, "column": 2 },
        "end": { "line": 18, "column": null }
      },
      "9": {
        "start": { "line": 18, "column": 25 },
        "end": { "line": 18, "column": null }
      },
      "10": {
        "start": { "line": 19, "column": 2 },
        "end": { "line": 19, "column": null }
      },
      "11": {
        "start": { "line": 22, "column": 17 },
        "end": { "line": 56, "column": null }
      },
      "12": {
        "start": { "line": 27, "column": 16 },
        "end": { "line": 27, "column": null }
      },
      "13": {
        "start": { "line": 28, "column": 2 },
        "end": { "line": 28, "column": null }
      },
      "14": {
        "start": { "line": 28, "column": 14 },
        "end": { "line": 28, "column": null }
      },
      "15": {
        "start": { "line": 29, "column": 20 },
        "end": { "line": 29, "column": null }
      },
      "16": {
        "start": { "line": 31, "column": 45 },
        "end": { "line": 31, "column": null }
      },
      "17": {
        "start": { "line": 32, "column": 20 },
        "end": { "line": 32, "column": null }
      },
      "18": {
        "start": { "line": 33, "column": 18 },
        "end": { "line": 33, "column": null }
      },
      "19": {
        "start": { "line": 34, "column": 16 },
        "end": { "line": 34, "column": null }
      },
      "20": {
        "start": { "line": 36, "column": 2 },
        "end": { "line": 36, "column": null }
      },
      "21": {
        "start": { "line": 38, "column": 2 },
        "end": { "line": 53, "column": null }
      },
      "22": {
        "start": { "line": 39, "column": 21 },
        "end": { "line": 39, "column": null }
      },
      "23": {
        "start": { "line": 40, "column": 4 },
        "end": { "line": 40, "column": null }
      },
      "24": {
        "start": { "line": 42, "column": 4 },
        "end": { "line": 52, "column": null }
      },
      "25": {
        "start": { "line": 43, "column": 28 },
        "end": { "line": 43, "column": null }
      },
      "26": {
        "start": { "line": 44, "column": 18 },
        "end": { "line": 44, "column": null }
      },
      "27": {
        "start": { "line": 46, "column": 6 },
        "end": { "line": 51, "column": null }
      },
      "28": {
        "start": { "line": 47, "column": 8 },
        "end": { "line": 47, "column": null }
      },
      "29": {
        "start": { "line": 48, "column": 6 },
        "end": { "line": 51, "column": null }
      },
      "30": {
        "start": { "line": 49, "column": 8 },
        "end": { "line": 49, "column": null }
      },
      "31": {
        "start": { "line": 50, "column": 8 },
        "end": { "line": 50, "column": null }
      },
      "32": {
        "start": { "line": 55, "column": 2 },
        "end": { "line": 55, "column": null }
      },
      "33": {
        "start": { "line": 58, "column": 22 },
        "end": { "line": 67, "column": null }
      },
      "34": {
        "start": { "line": 59, "column": 2 },
        "end": { "line": 59, "column": null }
      },
      "35": {
        "start": { "line": 59, "column": 31 },
        "end": { "line": 59, "column": null }
      },
      "36": {
        "start": { "line": 60, "column": 20 },
        "end": { "line": 60, "column": null }
      },
      "37": {
        "start": { "line": 61, "column": 2 },
        "end": { "line": 65, "column": null }
      },
      "38": {
        "start": { "line": 61, "column": 15 },
        "end": { "line": 61, "column": 18 }
      },
      "39": {
        "start": { "line": 62, "column": 4 },
        "end": { "line": 64, "column": null }
      },
      "40": {
        "start": { "line": 62, "column": 17 },
        "end": { "line": 62, "column": 20 }
      },
      "41": {
        "start": { "line": 63, "column": 6 },
        "end": { "line": 63, "column": null }
      },
      "42": {
        "start": { "line": 63, "column": 33 },
        "end": { "line": 63, "column": null }
      },
      "43": {
        "start": { "line": 66, "column": 2 },
        "end": { "line": 66, "column": null }
      },
      "44": {
        "start": { "line": 69, "column": 25 },
        "end": { "line": 136, "column": null }
      },
      "45": {
        "start": { "line": 81, "column": 20 },
        "end": { "line": 81, "column": null }
      },
      "46": {
        "start": { "line": 82, "column": 2 },
        "end": { "line": 89, "column": null }
      },
      "47": {
        "start": { "line": 89, "column": 4 },
        "end": { "line": 89, "column": null }
      },
      "48": {
        "start": { "line": 91, "column": 19 },
        "end": { "line": 91, "column": null }
      },
      "49": {
        "start": { "line": 91, "column": 38 },
        "end": { "line": 91, "column": 46 }
      },
      "50": {
        "start": { "line": 92, "column": 2 },
        "end": { "line": 92, "column": null }
      },
      "51": {
        "start": { "line": 94, "column": 24 },
        "end": { "line": 94, "column": null }
      },
      "52": {
        "start": { "line": 95, "column": 22 },
        "end": { "line": 95, "column": null }
      },
      "53": {
        "start": { "line": 96, "column": 26 },
        "end": { "line": 96, "column": null }
      },
      "54": {
        "start": { "line": 99, "column": 2 },
        "end": { "line": 113, "column": null }
      },
      "55": {
        "start": { "line": 100, "column": 4 },
        "end": { "line": 112, "column": null }
      },
      "56": {
        "start": { "line": 101, "column": 18 },
        "end": { "line": 101, "column": null }
      },
      "57": {
        "start": { "line": 102, "column": 6 },
        "end": { "line": 102, "column": null }
      },
      "58": {
        "start": { "line": 102, "column": 36 },
        "end": { "line": 102, "column": null }
      },
      "59": {
        "start": { "line": 104, "column": 20 },
        "end": { "line": 104, "column": null }
      },
      "60": {
        "start": { "line": 105, "column": 6 },
        "end": { "line": 111, "column": null }
      },
      "61": {
        "start": { "line": 106, "column": 8 },
        "end": { "line": 110, "column": null }
      },
      "62": {
        "start": { "line": 107, "column": 10 },
        "end": { "line": 107, "column": null }
      },
      "63": {
        "start": { "line": 108, "column": 10 },
        "end": { "line": 108, "column": null }
      },
      "64": {
        "start": { "line": 109, "column": 10 },
        "end": { "line": 109, "column": null }
      },
      "65": {
        "start": { "line": 118, "column": 2 },
        "end": { "line": 128, "column": null }
      },
      "66": {
        "start": { "line": 119, "column": 20 },
        "end": { "line": 119, "column": null }
      },
      "67": {
        "start": { "line": 120, "column": 4 },
        "end": { "line": 127, "column": null }
      },
      "68": {
        "start": { "line": 121, "column": 6 },
        "end": { "line": 126, "column": null }
      },
      "69": {
        "start": { "line": 131, "column": 2 },
        "end": { "line": 133, "column": null }
      },
      "70": {
        "start": { "line": 132, "column": 4 },
        "end": { "line": 132, "column": null }
      },
      "71": {
        "start": { "line": 135, "column": 2 },
        "end": { "line": 135, "column": null }
      }
    },
    "fnMap": {
      "0": {
        "name": "(anonymous_0)",
        "decl": {
          "start": { "line": 9, "column": 21 },
          "end": { "line": 9, "column": null }
        },
        "loc": {
          "start": { "line": 13, "column": 33 },
          "end": { "line": 20, "column": null }
        },
        "line": 13
      },
      "1": {
        "name": "(anonymous_1)",
        "decl": {
          "start": { "line": 22, "column": 17 },
          "end": { "line": 22, "column": null }
        },
        "loc": {
          "start": { "line": 26, "column": 19 },
          "end": { "line": 56, "column": null }
        },
        "line": 26
      },
      "2": {
        "name": "(anonymous_2)",
        "decl": {
          "start": { "line": 58, "column": 22 },
          "end": { "line": 58, "column": 23 }
        },
        "loc": {
          "start": { "line": 58, "column": 67 },
          "end": { "line": 67, "column": null }
        },
        "line": 58
      },
      "3": {
        "name": "(anonymous_3)",
        "decl": {
          "start": { "line": 69, "column": 25 },
          "end": { "line": 69, "column": null }
        },
        "loc": {
          "start": { "line": 80, "column": 5 },
          "end": { "line": 136, "column": null }
        },
        "line": 80
      },
      "4": {
        "name": "(anonymous_4)",
        "decl": {
          "start": { "line": 91, "column": 29 },
          "end": { "line": 91, "column": 30 }
        },
        "loc": {
          "start": { "line": 91, "column": 38 },
          "end": { "line": 91, "column": 46 }
        },
        "line": 91
      }
    },
    "branchMap": {
      "0": {
        "loc": {
          "start": { "line": 15, "column": 2 },
          "end": { "line": 15, "column": null }
        },
        "type": "if",
        "locations": [
          {
            "start": { "line": 15, "column": 2 },
            "end": { "line": 15, "column": null }
          },
          { "start": {}, "end": {} }
        ],
        "line": 15
      },
      "1": {
        "loc": {
          "start": { "line": 16, "column": 2 },
          "end": { "line": 16, "column": null }
        },
        "type": "if",
        "locations": [
          {
            "start": { "line": 16, "column": 2 },
            "end": { "line": 16, "column": null }
          },
          { "start": {}, "end": {} }
        ],
        "line": 16
      },
      "2": {
        "loc": {
          "start": { "line": 17, "column": 2 },
          "end": { "line": 17, "column": null }
        },
        "type": "if",
        "locations": [
          {
            "start": { "line": 17, "column": 2 },
            "end": { "line": 17, "column": null }
          },
          { "start": {}, "end": {} }
        ],
        "line": 17
      },
      "3": {
        "loc": {
          "start": { "line": 18, "column": 2 },
          "end": { "line": 18, "column": null }
        },
        "type": "if",
        "locations": [
          {
            "start": { "line": 18, "column": 2 },
            "end": { "line": 18, "column": null }
          },
          { "start": {}, "end": {} }
        ],
        "line": 18
      },
      "4": {
        "loc": {
          "start": { "line": 28, "column": 2 },
          "end": { "line": 28, "column": null }
        },
        "type": "if",
        "locations": [
          {
            "start": { "line": 28, "column": 2 },
            "end": { "line": 28, "column": null }
          },
          { "start": {}, "end": {} }
        ],
        "line": 28
      },
      "5": {
        "loc": {
          "start": { "line": 46, "column": 6 },
          "end": { "line": 51, "column": null }
        },
        "type": "if",
        "locations": [
          {
            "start": { "line": 46, "column": 6 },
            "end": { "line": 51, "column": null }
          },
          {
            "start": { "line": 48, "column": 6 },
            "end": { "line": 51, "column": null }
          }
        ],
        "line": 46
      },
      "6": {
        "loc": {
          "start": { "line": 48, "column": 6 },
          "end": { "line": 51, "column": null }
        },
        "type": "if",
        "locations": [
          {
            "start": { "line": 48, "column": 6 },
            "end": { "line": 51, "column": null }
          },
          { "start": {}, "end": {} }
        ],
        "line": 48
      },
      "7": {
        "loc": {
          "start": { "line": 48, "column": 17 },
          "end": { "line": 48, "column": 63 }
        },
        "type": "binary-expr",
        "locations": [
          {
            "start": { "line": 48, "column": 17 },
            "end": { "line": 48, "column": 44 }
          },
          {
            "start": { "line": 48, "column": 44 },
            "end": { "line": 48, "column": 63 }
          }
        ],
        "line": 48
      },
      "8": {
        "loc": {
          "start": { "line": 59, "column": 2 },
          "end": { "line": 59, "column": null }
        },
        "type": "if",
        "locations": [
          {
            "start": { "line": 59, "column": 2 },
            "end": { "line": 59, "column": null }
          },
          { "start": {}, "end": {} }
        ],
        "line": 59
      },
      "9": {
        "loc": {
          "start": { "line": 63, "column": 6 },
          "end": { "line": 63, "column": null }
        },
        "type": "if",
        "locations": [
          {
            "start": { "line": 63, "column": 6 },
            "end": { "line": 63, "column": null }
          },
          { "start": {}, "end": {} }
        ],
        "line": 63
      },
      "10": {
        "loc": {
          "start": { "line": 82, "column": 2 },
          "end": { "line": 89, "column": null }
        },
        "type": "if",
        "locations": [
          {
            "start": { "line": 82, "column": 2 },
            "end": { "line": 89, "column": null }
          },
          { "start": {}, "end": {} }
        ],
        "line": 82
      },
      "11": {
        "loc": {
          "start": { "line": 83, "column": 4 },
          "end": { "line": 87, "column": null }
        },
        "type": "binary-expr",
        "locations": [
          {
            "start": { "line": 83, "column": 4 },
            "end": { "line": 83, "column": null }
          },
          {
            "start": { "line": 84, "column": 4 },
            "end": { "line": 84, "column": null }
          },
          {
            "start": { "line": 85, "column": 4 },
            "end": { "line": 85, "column": null }
          },
          {
            "start": { "line": 86, "column": 4 },
            "end": { "line": 86, "column": null }
          },
          {
            "start": { "line": 87, "column": 4 },
            "end": { "line": 87, "column": null }
          }
        ],
        "line": 83
      },
      "12": {
        "loc": {
          "start": { "line": 94, "column": 24 },
          "end": { "line": 94, "column": null }
        },
        "type": "cond-expr",
        "locations": [
          {
            "start": { "line": 94, "column": 44 },
            "end": { "line": 94, "column": 54 }
          },
          {
            "start": { "line": 94, "column": 54 },
            "end": { "line": 94, "column": null }
          }
        ],
        "line": 94
      },
      "13": {
        "loc": {
          "start": { "line": 100, "column": 4 },
          "end": { "line": 112, "column": null }
        },
        "type": "if",
        "locations": [
          {
            "start": { "line": 100, "column": 4 },
            "end": { "line": 112, "column": null }
          },
          { "start": {}, "end": {} }
        ],
        "line": 100
      },
      "14": {
        "loc": {
          "start": { "line": 102, "column": 6 },
          "end": { "line": 102, "column": null }
        },
        "type": "if",
        "locations": [
          {
            "start": { "line": 102, "column": 6 },
            "end": { "line": 102, "column": null }
          },
          { "start": {}, "end": {} }
        ],
        "line": 102
      },
      "15": {
        "loc": {
          "start": { "line": 105, "column": 6 },
          "end": { "line": 111, "column": null }
        },
        "type": "if",
        "locations": [
          {
            "start": { "line": 105, "column": 6 },
            "end": { "line": 111, "column": null }
          },
          { "start": {}, "end": {} }
        ],
        "line": 105
      },
      "16": {
        "loc": {
          "start": { "line": 105, "column": 10 },
          "end": { "line": 105, "column": 47 }
        },
        "type": "binary-expr",
        "locations": [
          {
            "start": { "line": 105, "column": 10 },
            "end": { "line": 105, "column": 19 }
          },
          {
            "start": { "line": 105, "column": 19 },
            "end": { "line": 105, "column": 47 }
          }
        ],
        "line": 105
      },
      "17": {
        "loc": {
          "start": { "line": 118, "column": 2 },
          "end": { "line": 128, "column": null }
        },
        "type": "if",
        "locations": [
          {
            "start": { "line": 118, "column": 2 },
            "end": { "line": 128, "column": null }
          },
          { "start": {}, "end": {} }
        ],
        "line": 118
      },
      "18": {
        "loc": {
          "start": { "line": 120, "column": 4 },
          "end": { "line": 127, "column": null }
        },
        "type": "if",
        "locations": [
          {
            "start": { "line": 120, "column": 4 },
            "end": { "line": 127, "column": null }
          },
          { "start": {}, "end": {} }
        ],
        "line": 120
      },
      "19": {
        "loc": {
          "start": { "line": 120, "column": 8 },
          "end": { "line": 120, "column": 49 }
        },
        "type": "binary-expr",
        "locations": [
          {
            "start": { "line": 120, "column": 8 },
            "end": { "line": 120, "column": 19 }
          },
          {
            "start": { "line": 120, "column": 19 },
            "end": { "line": 120, "column": 49 }
          }
        ],
        "line": 120
      },
      "20": {
        "loc": {
          "start": { "line": 131, "column": 2 },
          "end": { "line": 133, "column": null }
        },
        "type": "if",
        "locations": [
          {
            "start": { "line": 131, "column": 2 },
            "end": { "line": 133, "column": null }
          },
          { "start": {}, "end": {} }
        ],
        "line": 131
      },
      "21": {
        "loc": {
          "start": { "line": 131, "column": 6 },
          "end": { "line": 131, "column": 63 }
        },
        "type": "binary-expr",
        "locations": [
          {
            "start": { "line": 131, "column": 6 },
            "end": { "line": 131, "column": 23 }
          },
          {
            "start": { "line": 131, "column": 23 },
            "end": { "line": 131, "column": 63 }
          }
        ],
        "line": 131
      }
    },
    "s": {
      "0": 6,
      "1": 231,
      "2": 231,
      "3": 221,
      "4": 231,
      "5": 229,
      "6": 231,
      "7": 225,
      "8": 231,
      "9": 229,
      "10": 231,
      "11": 6,
      "12": 125,
      "13": 125,
      "14": 0,
      "15": 125,
      "16": 125,
      "17": 125,
      "18": 125,
      "19": 125,
      "20": 125,
      "21": 125,
      "22": 127,
      "23": 127,
      "24": 127,
      "25": 494,
      "26": 494,
      "27": 494,
      "28": 415,
      "29": 79,
      "30": 2,
      "31": 2,
      "32": 125,
      "33": 6,
      "34": 39,
      "35": 1,
      "36": 38,
      "37": 38,
      "38": 38,
      "39": 208,
      "40": 208,
      "41": 3385,
      "42": 37,
      "43": 1,
      "44": 6,
      "45": 109,
      "46": 109,
      "47": 5,
      "48": 104,
      "49": 1850,
      "50": 104,
      "51": 104,
      "52": 109,
      "53": 109,
      "54": 109,
      "55": 410,
      "56": 29,
      "57": 29,
      "58": 0,
      "59": 29,
      "60": 29,
      "61": 10,
      "62": 12,
      "63": 12,
      "64": 12,
      "65": 104,
      "66": 96,
      "67": 96,
      "68": 3,
      "69": 101,
      "70": 1,
      "71": 100
    },
    "f": { "0": 231, "1": 125, "2": 39, "3": 109, "4": 1850 },
    "b": {
      "0": [221, 10],
      "1": [229, 2],
      "2": [225, 6],
      "3": [229, 2],
      "4": [0, 125],
      "5": [415, 79],
      "6": [2, 77],
      "7": [79, 4],
      "8": [1, 38],
      "9": [37, 3348],
      "10": [5, 104],
      "11": [109, 108, 107, 106, 105],
      "12": [65, 39],
      "13": [29, 381],
      "14": [0, 29],
      "15": [10, 19],
      "16": [29, 29],
      "17": [96, 8],
      "18": [3, 93],
      "19": [96, 96],
      "20": [1, 100],
      "21": [101, 39]
    },
    "meta": {
      "lastBranch": 22,
      "lastFunction": 5,
      "lastStatement": 72,
      "seen": {
        "s:9:21:20:Infinity": 0,
        "f:9:21:9:Infinity": 0,
        "s:14:20:14:Infinity": 1,
        "b:15:2:15:Infinity:undefined:undefined:undefined:undefined": 0,
        "s:15:2:15:Infinity": 2,
        "s:15:13:15:Infinity": 3,
        "b:16:2:16:Infinity:undefined:undefined:undefined:undefined": 1,
        "s:16:2:16:Infinity": 4,
        "s:16:25:16:Infinity": 5,
        "b:17:2:17:Infinity:undefined:undefined:undefined:undefined": 2,
        "s:17:2:17:Infinity": 6,
        "s:17:13:17:Infinity": 7,
        "b:18:2:18:Infinity:undefined:undefined:undefined:undefined": 3,
        "s:18:2:18:Infinity": 8,
        "s:18:25:18:Infinity": 9,
        "s:19:2:19:Infinity": 10,
        "s:22:17:56:Infinity": 11,
        "f:22:17:22:Infinity": 1,
        "s:27:16:27:Infinity": 12,
        "b:28:2:28:Infinity:undefined:undefined:undefined:undefined": 4,
        "s:28:2:28:Infinity": 13,
        "s:28:14:28:Infinity": 14,
        "s:29:20:29:Infinity": 15,
        "s:31:45:31:Infinity": 16,
        "s:32:20:32:Infinity": 17,
        "s:33:18:33:Infinity": 18,
        "s:34:16:34:Infinity": 19,
        "s:36:2:36:Infinity": 20,
        "s:38:2:53:Infinity": 21,
        "s:39:21:39:Infinity": 22,
        "s:40:4:40:Infinity": 23,
        "s:42:4:52:Infinity": 24,
        "s:43:28:43:Infinity": 25,
        "s:44:18:44:Infinity": 26,
        "b:46:6:51:Infinity:48:6:51:Infinity": 5,
        "s:46:6:51:Infinity": 27,
        "s:47:8:47:Infinity": 28,
        "b:48:6:51:Infinity:undefined:undefined:undefined:undefined": 6,
        "s:48:6:51:Infinity": 29,
        "b:48:17:48:44:48:44:48:63": 7,
        "s:49:8:49:Infinity": 30,
        "s:50:8:50:Infinity": 31,
        "s:55:2:55:Infinity": 32,
        "s:58:22:67:Infinity": 33,
        "f:58:22:58:23": 2,
        "b:59:2:59:Infinity:undefined:undefined:undefined:undefined": 8,
        "s:59:2:59:Infinity": 34,
        "s:59:31:59:Infinity": 35,
        "s:60:20:60:Infinity": 36,
        "s:61:2:65:Infinity": 37,
        "s:61:15:61:18": 38,
        "s:62:4:64:Infinity": 39,
        "s:62:17:62:20": 40,
        "b:63:6:63:Infinity:undefined:undefined:undefined:undefined": 9,
        "s:63:6:63:Infinity": 41,
        "s:63:33:63:Infinity": 42,
        "s:66:2:66:Infinity": 43,
        "s:69:25:136:Infinity": 44,
        "f:69:25:69:Infinity": 3,
        "s:81:20:81:Infinity": 45,
        "b:82:2:89:Infinity:undefined:undefined:undefined:undefined": 10,
        "s:82:2:89:Infinity": 46,
        "b:83:4:83:Infinity:84:4:84:Infinity:85:4:85:Infinity:86:4:86:Infinity:87:4:87:Infinity": 11,
        "s:89:4:89:Infinity": 47,
        "s:91:19:91:Infinity": 48,
        "f:91:29:91:30": 4,
        "s:91:38:91:46": 49,
        "s:92:2:92:Infinity": 50,
        "s:94:24:94:Infinity": 51,
        "b:94:44:94:54:94:54:94:Infinity": 12,
        "s:95:22:95:Infinity": 52,
        "s:96:26:96:Infinity": 53,
        "s:99:2:113:Infinity": 54,
        "b:100:4:112:Infinity:undefined:undefined:undefined:undefined": 13,
        "s:100:4:112:Infinity": 55,
        "s:101:18:101:Infinity": 56,
        "b:102:6:102:Infinity:undefined:undefined:undefined:undefined": 14,
        "s:102:6:102:Infinity": 57,
        "s:102:36:102:Infinity": 58,
        "s:104:20:104:Infinity": 59,
        "b:105:6:111:Infinity:undefined:undefined:undefined:undefined": 15,
        "s:105:6:111:Infinity": 60,
        "b:105:10:105:19:105:19:105:47": 16,
        "s:106:8:110:Infinity": 61,
        "s:107:10:107:Infinity": 62,
        "s:108:10:108:Infinity": 63,
        "s:109:10:109:Infinity": 64,
        "b:118:2:128:Infinity:undefined:undefined:undefined:undefined": 17,
        "s:118:2:128:Infinity": 65,
        "s:119:20:119:Infinity": 66,
        "b:120:4:127:Infinity:undefined:undefined:undefined:undefined": 18,
        "s:120:4:127:Infinity": 67,
        "b:120:8:120:19:120:19:120:49": 19,
        "s:121:6:126:Infinity": 68,
        "b:131:2:133:Infinity:undefined:undefined:undefined:undefined": 20,
        "s:131:2:133:Infinity": 69,
        "b:131:6:131:23:131:23:131:63": 21,
        "s:132:4:132:Infinity": 70,
        "s:135:2:135:Infinity": 71
      }
    }
  },
  "/Users/larry/Git/my/zGo/client/src/entities/match/lib/boardUtils.ts": {
    "path": "/Users/larry/Git/my/zGo/client/src/entities/match/lib/boardUtils.ts",
    "statementMap": {
      "0": {
        "start": { "line": 4, "column": 32 },
        "end": { "line": 8, "column": null }
      },
      "1": {
        "start": { "line": 5, "column": 2 },
        "end": { "line": 7, "column": null }
      },
      "2": {
        "start": { "line": 7, "column": 15 },
        "end": { "line": 7, "column": 37 }
      },
      "3": {
        "start": { "line": 10, "column": 33 },
        "end": { "line": 41, "column": null }
      },
      "4": {
        "start": { "line": 11, "column": 43 },
        "end": { "line": 11, "column": null }
      },
      "5": {
        "start": { "line": 12, "column": 2 },
        "end": { "line": 39, "column": null }
      },
      "6": {
        "start": { "line": 13, "column": 16 },
        "end": { "line": 13, "column": null }
      },
      "7": {
        "start": { "line": 14, "column": 16 },
        "end": { "line": 14, "column": null }
      },
      "8": {
        "start": { "line": 15, "column": 16 },
        "end": { "line": 15, "column": null }
      },
      "9": {
        "start": { "line": 17, "column": 20 },
        "end": { "line": 22, "column": null }
      },
      "10": {
        "start": { "line": 23, "column": 18 },
        "end": { "line": 28, "column": null }
      },
      "11": {
        "start": { "line": 29, "column": 19 },
        "end": { "line": 29, "column": null }
      },
      "12": {
        "start": { "line": 31, "column": 4 },
        "end": { "line": 38, "column": null }
      },
      "13": {
        "start": { "line": 31, "column": 24 },
        "end": { "line": 31, "column": null }
      },
      "14": {
        "start": { "line": 31, "column": 56 },
        "end": { "line": 38, "column": null }
      },
      "15": {
        "start": { "line": 32, "column": 29 },
        "end": { "line": 32, "column": null }
      },
      "16": {
        "start": { "line": 32, "column": 73 },
        "end": { "line": 38, "column": null }
      },
      "17": {
        "start": { "line": 33, "column": 29 },
        "end": { "line": 33, "column": null }
      },
      "18": {
        "start": { "line": 33, "column": 38 },
        "end": { "line": 38, "column": null }
      },
      "19": {
        "start": { "line": 34, "column": 29 },
        "end": { "line": 34, "column": null }
      },
      "20": {
        "start": { "line": 34, "column": 57 },
        "end": { "line": 38, "column": null }
      },
      "21": {
        "start": { "line": 35, "column": 29 },
        "end": { "line": 35, "column": null }
      },
      "22": {
        "start": { "line": 35, "column": 69 },
        "end": { "line": 38, "column": null }
      },
      "23": {
        "start": { "line": 36, "column": 29 },
        "end": { "line": 36, "column": null }
      },
      "24": {
        "start": { "line": 36, "column": 77 },
        "end": { "line": 38, "column": null }
      },
      "25": {
        "start": { "line": 37, "column": 29 },
        "end": { "line": 37, "column": null }
      },
      "26": {
        "start": { "line": 37, "column": 59 },
        "end": { "line": 38, "column": null }
      },
      "27": {
        "start": { "line": 38, "column": 28 },
        "end": { "line": 38, "column": null }
      },
      "28": {
        "start": { "line": 40, "column": 2 },
        "end": { "line": 40, "column": null }
      },
      "29": {
        "start": { "line": 43, "column": 33 },
        "end": { "line": 55, "column": null }
      },
      "30": {
        "start": { "line": 47, "column": 16 },
        "end": { "line": 47, "column": null }
      },
      "31": {
        "start": { "line": 48, "column": 17 },
        "end": { "line": 48, "column": null }
      },
      "32": {
        "start": { "line": 49, "column": 2 },
        "end": { "line": 53, "column": null }
      },
      "33": {
        "start": { "line": 50, "column": 4 },
        "end": { "line": 52, "column": null }
      },
      "34": {
        "start": { "line": 51, "column": 6 },
        "end": { "line": 51, "column": null }
      },
      "35": {
        "start": { "line": 54, "column": 2 },
        "end": { "line": 54, "column": null }
      },
      "36": {
        "start": { "line": 57, "column": 33 },
        "end": { "line": 75, "column": null }
      },
      "37": {
        "start": { "line": 61, "column": 16 },
        "end": { "line": 61, "column": null }
      },
      "38": {
        "start": { "line": 62, "column": 2 },
        "end": { "line": 74, "column": null }
      },
      "39": {
        "start": { "line": 77, "column": 23 },
        "end": { "line": 84, "column": null }
      },
      "40": {
        "start": { "line": 78, "column": 2 },
        "end": { "line": 78, "column": null }
      },
      "41": {
        "start": { "line": 78, "column": 22 },
        "end": { "line": 78, "column": null }
      },
      "42": {
        "start": { "line": 79, "column": 2 },
        "end": { "line": 82, "column": null }
      },
      "43": {
        "start": { "line": 80, "column": 18 },
        "end": { "line": 80, "column": null }
      },
      "44": {
        "start": { "line": 81, "column": 4 },
        "end": { "line": 81, "column": null }
      },
      "45": {
        "start": { "line": 81, "column": 15 },
        "end": { "line": 81, "column": null }
      },
      "46": {
        "start": { "line": 83, "column": 2 },
        "end": { "line": 83, "column": null }
      },
      "47": {
        "start": { "line": 86, "column": 29 },
        "end": { "line": 96, "column": null }
      },
      "48": {
        "start": { "line": 90, "column": 2 },
        "end": { "line": 90, "column": null }
      },
      "49": {
        "start": { "line": 90, "column": 22 },
        "end": { "line": 90, "column": null }
      },
      "50": {
        "start": { "line": 91, "column": 2 },
        "end": { "line": 94, "column": null }
      },
      "51": {
        "start": { "line": 92, "column": 17 },
        "end": { "line": 92, "column": null }
      },
      "52": {
        "start": { "line": 93, "column": 4 },
        "end": { "line": 93, "column": null }
      },
      "53": {
        "start": { "line": 93, "column": 14 },
        "end": { "line": 93, "column": null }
      },
      "54": {
        "start": { "line": 95, "column": 2 },
        "end": { "line": 95, "column": null }
      }
    },
    "fnMap": {
      "0": {
        "name": "(anonymous_0)",
        "decl": {
          "start": { "line": 4, "column": 32 },
          "end": { "line": 4, "column": 33 }
        },
        "loc": {
          "start": { "line": 4, "column": 67 },
          "end": { "line": 8, "column": null }
        },
        "line": 4
      },
      "1": {
        "name": "(anonymous_1)",
        "decl": {
          "start": { "line": 7, "column": 9 },
          "end": { "line": 7, "column": 15 }
        },
        "loc": {
          "start": { "line": 7, "column": 15 },
          "end": { "line": 7, "column": 37 }
        },
        "line": 7
      },
      "2": {
        "name": "(anonymous_2)",
        "decl": {
          "start": { "line": 10, "column": 33 },
          "end": { "line": 10, "column": 34 }
        },
        "loc": {
          "start": { "line": 10, "column": 74 },
          "end": { "line": 41, "column": null }
        },
        "line": 10
      },
      "3": {
        "name": "(anonymous_3)",
        "decl": {
          "start": { "line": 43, "column": 33 },
          "end": { "line": 43, "column": null }
        },
        "loc": {
          "start": { "line": 46, "column": 17 },
          "end": { "line": 55, "column": null }
        },
        "line": 46
      },
      "4": {
        "name": "(anonymous_4)",
        "decl": {
          "start": { "line": 49, "column": 17 },
          "end": { "line": 49, "column": 18 }
        },
        "loc": {
          "start": { "line": 49, "column": 31 },
          "end": { "line": 53, "column": 3 }
        },
        "line": 49
      },
      "5": {
        "name": "(anonymous_5)",
        "decl": {
          "start": { "line": 57, "column": 33 },
          "end": { "line": 57, "column": null }
        },
        "loc": {
          "start": { "line": 60, "column": 18 },
          "end": { "line": 75, "column": null }
        },
        "line": 60
      },
      "6": {
        "name": "(anonymous_6)",
        "decl": {
          "start": { "line": 77, "column": 23 },
          "end": { "line": 77, "column": 24 }
        },
        "loc": {
          "start": { "line": 77, "column": 78 },
          "end": { "line": 84, "column": null }
        },
        "line": 77
      },
      "7": {
        "name": "(anonymous_7)",
        "decl": {
          "start": { "line": 86, "column": 29 },
          "end": { "line": 86, "column": null }
        },
        "loc": {
          "start": { "line": 89, "column": 27 },
          "end": { "line": 96, "column": null }
        },
        "line": 89
      }
    },
    "branchMap": {
      "0": {
        "loc": {
          "start": { "line": 4, "column": 33 },
          "end": { "line": 4, "column": 67 }
        },
        "type": "default-arg",
        "locations": [
          {
            "start": { "line": 4, "column": 48 },
            "end": { "line": 4, "column": 67 }
          }
        ],
        "line": 4
      },
      "1": {
        "loc": {
          "start": { "line": 12, "column": 2 },
          "end": { "line": 39, "column": null }
        },
        "type": "if",
        "locations": [
          {
            "start": { "line": 12, "column": 2 },
            "end": { "line": 39, "column": null }
          },
          { "start": {}, "end": {} }
        ],
        "line": 12
      },
      "2": {
        "loc": {
          "start": { "line": 12, "column": 6 },
          "end": { "line": 12, "column": 38 }
        },
        "type": "binary-expr",
        "locations": [
          {
            "start": { "line": 12, "column": 6 },
            "end": { "line": 12, "column": 22 }
          },
          {
            "start": { "line": 12, "column": 22 },
            "end": { "line": 12, "column": 38 }
          }
        ],
        "line": 12
      },
      "3": {
        "loc": {
          "start": { "line": 13, "column": 16 },
          "end": { "line": 13, "column": null }
        },
        "type": "cond-expr",
        "locations": [
          {
            "start": { "line": 13, "column": 34 },
            "end": { "line": 13, "column": 38 }
          },
          {
            "start": { "line": 13, "column": 38 },
            "end": { "line": 13, "column": null }
          }
        ],
        "line": 13
      },
      "4": {
        "loc": {
          "start": { "line": 31, "column": 4 },
          "end": { "line": 38, "column": null }
        },
        "type": "if",
        "locations": [
          {
            "start": { "line": 31, "column": 4 },
            "end": { "line": 38, "column": null }
          },
          {
            "start": { "line": 31, "column": 56 },
            "end": { "line": 38, "column": null }
          }
        ],
        "line": 31
      },
      "5": {
        "loc": {
          "start": { "line": 31, "column": 56 },
          "end": { "line": 38, "column": null }
        },
        "type": "if",
        "locations": [
          {
            "start": { "line": 31, "column": 56 },
            "end": { "line": 38, "column": null }
          },
          {
            "start": { "line": 32, "column": 73 },
            "end": { "line": 38, "column": null }
          }
        ],
        "line": 31
      },
      "6": {
        "loc": {
          "start": { "line": 32, "column": 73 },
          "end": { "line": 38, "column": null }
        },
        "type": "if",
        "locations": [
          {
            "start": { "line": 32, "column": 73 },
            "end": { "line": 38, "column": null }
          },
          {
            "start": { "line": 33, "column": 38 },
            "end": { "line": 38, "column": null }
          }
        ],
        "line": 32
      },
      "7": {
        "loc": {
          "start": { "line": 33, "column": 38 },
          "end": { "line": 38, "column": null }
        },
        "type": "if",
        "locations": [
          {
            "start": { "line": 33, "column": 38 },
            "end": { "line": 38, "column": null }
          },
          {
            "start": { "line": 34, "column": 57 },
            "end": { "line": 38, "column": null }
          }
        ],
        "line": 33
      },
      "8": {
        "loc": {
          "start": { "line": 34, "column": 57 },
          "end": { "line": 38, "column": null }
        },
        "type": "if",
        "locations": [
          {
            "start": { "line": 34, "column": 57 },
            "end": { "line": 38, "column": null }
          },
          {
            "start": { "line": 35, "column": 69 },
            "end": { "line": 38, "column": null }
          }
        ],
        "line": 34
      },
      "9": {
        "loc": {
          "start": { "line": 35, "column": 69 },
          "end": { "line": 38, "column": null }
        },
        "type": "if",
        "locations": [
          {
            "start": { "line": 35, "column": 69 },
            "end": { "line": 38, "column": null }
          },
          {
            "start": { "line": 36, "column": 77 },
            "end": { "line": 38, "column": null }
          }
        ],
        "line": 35
      },
      "10": {
        "loc": {
          "start": { "line": 36, "column": 77 },
          "end": { "line": 38, "column": null }
        },
        "type": "if",
        "locations": [
          {
            "start": { "line": 36, "column": 77 },
            "end": { "line": 38, "column": null }
          },
          {
            "start": { "line": 37, "column": 59 },
            "end": { "line": 38, "column": null }
          }
        ],
        "line": 36
      },
      "11": {
        "loc": {
          "start": { "line": 37, "column": 59 },
          "end": { "line": 38, "column": null }
        },
        "type": "if",
        "locations": [
          {
            "start": { "line": 37, "column": 59 },
            "end": { "line": 38, "column": null }
          },
          { "start": {}, "end": {} }
        ],
        "line": 37
      },
      "12": {
        "loc": {
          "start": { "line": 50, "column": 4 },
          "end": { "line": 52, "column": null }
        },
        "type": "if",
        "locations": [
          {
            "start": { "line": 50, "column": 4 },
            "end": { "line": 52, "column": null }
          },
          { "start": {}, "end": {} }
        ],
        "line": 50
      },
      "13": {
        "loc": {
          "start": { "line": 50, "column": 8 },
          "end": { "line": 50, "column": 42 }
        },
        "type": "binary-expr",
        "locations": [
          {
            "start": { "line": 50, "column": 8 },
            "end": { "line": 50, "column": 20 }
          },
          {
            "start": { "line": 50, "column": 20 },
            "end": { "line": 50, "column": 42 }
          }
        ],
        "line": 50
      },
      "14": {
        "loc": {
          "start": { "line": 78, "column": 2 },
          "end": { "line": 78, "column": null }
        },
        "type": "if",
        "locations": [
          {
            "start": { "line": 78, "column": 2 },
            "end": { "line": 78, "column": null }
          },
          { "start": {}, "end": {} }
        ],
        "line": 78
      },
      "15": {
        "loc": {
          "start": { "line": 81, "column": 4 },
          "end": { "line": 81, "column": null }
        },
        "type": "if",
        "locations": [
          {
            "start": { "line": 81, "column": 4 },
            "end": { "line": 81, "column": null }
          },
          { "start": {}, "end": {} }
        ],
        "line": 81
      },
      "16": {
        "loc": {
          "start": { "line": 90, "column": 2 },
          "end": { "line": 90, "column": null }
        },
        "type": "if",
        "locations": [
          {
            "start": { "line": 90, "column": 2 },
            "end": { "line": 90, "column": null }
          },
          { "start": {}, "end": {} }
        ],
        "line": 90
      },
      "17": {
        "loc": {
          "start": { "line": 93, "column": 4 },
          "end": { "line": 93, "column": null }
        },
        "type": "if",
        "locations": [
          {
            "start": { "line": 93, "column": 4 },
            "end": { "line": 93, "column": null }
          },
          { "start": {}, "end": {} }
        ],
        "line": 93
      }
    },
    "s": {
      "0": 5,
      "1": 76,
      "2": 1374,
      "3": 5,
      "4": 81,
      "5": 81,
      "6": 21,
      "7": 21,
      "8": 21,
      "9": 21,
      "10": 21,
      "11": 21,
      "12": 21,
      "13": 13,
      "14": 8,
      "15": 1,
      "16": 7,
      "17": 2,
      "18": 5,
      "19": 1,
      "20": 4,
      "21": 1,
      "22": 3,
      "23": 1,
      "24": 2,
      "25": 1,
      "26": 1,
      "27": 1,
      "28": 81,
      "29": 5,
      "30": 71,
      "31": 71,
      "32": 71,
      "33": 24,
      "34": 24,
      "35": 71,
      "36": 5,
      "37": 64,
      "38": 64,
      "39": 5,
      "40": 157,
      "41": 80,
      "42": 77,
      "43": 76,
      "44": 76,
      "45": 71,
      "46": 6,
      "47": 5,
      "48": 58,
      "49": 17,
      "50": 41,
      "51": 40,
      "52": 40,
      "53": 37,
      "54": 4
    },
    "f": {
      "0": 76,
      "1": 1374,
      "2": 81,
      "3": 71,
      "4": 24,
      "5": 64,
      "6": 157,
      "7": 58
    },
    "b": {
      "0": [76],
      "1": [21, 60],
      "2": [81, 22],
      "3": [20, 1],
      "4": [13, 8],
      "5": [1, 7],
      "6": [2, 5],
      "7": [1, 4],
      "8": [1, 3],
      "9": [1, 2],
      "10": [1, 1],
      "11": [1, 0],
      "12": [24, 0],
      "13": [24, 24],
      "14": [80, 77],
      "15": [71, 5],
      "16": [17, 41],
      "17": [37, 3]
    },
    "meta": {
      "lastBranch": 18,
      "lastFunction": 8,
      "lastStatement": 55,
      "seen": {
        "s:4:32:8:Infinity": 0,
        "f:4:32:4:33": 0,
        "b:4:48:4:67": 0,
        "s:5:2:7:Infinity": 1,
        "f:7:9:7:15": 1,
        "s:7:15:7:37": 2,
        "s:10:33:41:Infinity": 3,
        "f:10:33:10:34": 2,
        "s:11:43:11:Infinity": 4,
        "b:12:2:39:Infinity:undefined:undefined:undefined:undefined": 1,
        "s:12:2:39:Infinity": 5,
        "b:12:6:12:22:12:22:12:38": 2,
        "s:13:16:13:Infinity": 6,
        "b:13:34:13:38:13:38:13:Infinity": 3,
        "s:14:16:14:Infinity": 7,
        "s:15:16:15:Infinity": 8,
        "s:17:20:22:Infinity": 9,
        "s:23:18:28:Infinity": 10,
        "s:29:19:29:Infinity": 11,
        "b:31:4:38:Infinity:31:56:38:Infinity": 4,
        "s:31:4:38:Infinity": 12,
        "s:31:24:31:Infinity": 13,
        "b:31:56:38:Infinity:32:73:38:Infinity": 5,
        "s:31:56:38:Infinity": 14,
        "s:32:29:32:Infinity": 15,
        "b:32:73:38:Infinity:33:38:38:Infinity": 6,
        "s:32:73:38:Infinity": 16,
        "s:33:29:33:Infinity": 17,
        "b:33:38:38:Infinity:34:57:38:Infinity": 7,
        "s:33:38:38:Infinity": 18,
        "s:34:29:34:Infinity": 19,
        "b:34:57:38:Infinity:35:69:38:Infinity": 8,
        "s:34:57:38:Infinity": 20,
        "s:35:29:35:Infinity": 21,
        "b:35:69:38:Infinity:36:77:38:Infinity": 9,
        "s:35:69:38:Infinity": 22,
        "s:36:29:36:Infinity": 23,
        "b:36:77:38:Infinity:37:59:38:Infinity": 10,
        "s:36:77:38:Infinity": 24,
        "s:37:29:37:Infinity": 25,
        "b:37:59:38:Infinity:undefined:undefined:undefined:undefined": 11,
        "s:37:59:38:Infinity": 26,
        "s:38:28:38:Infinity": 27,
        "s:40:2:40:Infinity": 28,
        "s:43:33:55:Infinity": 29,
        "f:43:33:43:Infinity": 3,
        "s:47:16:47:Infinity": 30,
        "s:48:17:48:Infinity": 31,
        "s:49:2:53:Infinity": 32,
        "f:49:17:49:18": 4,
        "b:50:4:52:Infinity:undefined:undefined:undefined:undefined": 12,
        "s:50:4:52:Infinity": 33,
        "b:50:8:50:20:50:20:50:42": 13,
        "s:51:6:51:Infinity": 34,
        "s:54:2:54:Infinity": 35,
        "s:57:33:75:Infinity": 36,
        "f:57:33:57:Infinity": 5,
        "s:61:16:61:Infinity": 37,
        "s:62:2:74:Infinity": 38,
        "s:77:23:84:Infinity": 39,
        "f:77:23:77:24": 6,
        "b:78:2:78:Infinity:undefined:undefined:undefined:undefined": 14,
        "s:78:2:78:Infinity": 40,
        "s:78:22:78:Infinity": 41,
        "s:79:2:82:Infinity": 42,
        "s:80:18:80:Infinity": 43,
        "b:81:4:81:Infinity:undefined:undefined:undefined:undefined": 15,
        "s:81:4:81:Infinity": 44,
        "s:81:15:81:Infinity": 45,
        "s:83:2:83:Infinity": 46,
        "s:86:29:96:Infinity": 47,
        "f:86:29:86:Infinity": 7,
        "b:90:2:90:Infinity:undefined:undefined:undefined:undefined": 16,
        "s:90:2:90:Infinity": 48,
        "s:90:22:90:Infinity": 49,
        "s:91:2:94:Infinity": 50,
        "s:92:17:92:Infinity": 51,
        "b:93:4:93:Infinity:undefined:undefined:undefined:undefined": 17,
        "s:93:4:93:Infinity": 52,
        "s:93:14:93:Infinity": 53,
        "s:95:2:95:Infinity": 54
      }
    }
  },
  "/Users/larry/Git/my/zGo/client/src/entities/match/lib/treeUtils.ts": {
    "path": "/Users/larry/Git/my/zGo/client/src/entities/match/lib/treeUtils.ts",
    "statementMap": {
      "0": {
        "start": { "line": 21, "column": 27 },
        "end": { "line": 44, "column": null }
      },
      "1": {
        "start": { "line": 22, "column": 32 },
        "end": { "line": 22, "column": null }
      },
      "2": {
        "start": { "line": 23, "column": 31 },
        "end": { "line": 23, "column": null }
      },
      "3": {
        "start": { "line": 25, "column": 2 },
        "end": { "line": 41, "column": null }
      },
      "4": {
        "start": { "line": 26, "column": 17 },
        "end": { "line": 26, "column": null }
      },
      "5": {
        "start": { "line": 27, "column": 4 },
        "end": { "line": 39, "column": null }
      },
      "6": {
        "start": { "line": 36, "column": 44 },
        "end": { "line": 36, "column": 48 }
      },
      "7": {
        "start": { "line": 40, "column": 4 },
        "end": { "line": 40, "column": null }
      },
      "8": {
        "start": { "line": 43, "column": 2 },
        "end": { "line": 43, "column": null }
      },
      "9": {
        "start": { "line": 47, "column": 21 },
        "end": { "line": 62, "column": null }
      },
      "10": {
        "start": { "line": 52, "column": 2 },
        "end": { "line": 61, "column": null }
      },
      "11": {
        "start": { "line": 53, "column": 4 },
        "end": { "line": 59, "column": null }
      },
      "12": {
        "start": { "line": 54, "column": 12 },
        "end": { "line": 54, "column": null }
      },
      "13": {
        "start": { "line": 55, "column": 6 },
        "end": { "line": 55, "column": null }
      },
      "14": {
        "start": { "line": 58, "column": 6 },
        "end": { "line": 58, "column": null }
      },
      "15": {
        "start": { "line": 60, "column": 4 },
        "end": { "line": 60, "column": null }
      },
      "16": {
        "start": { "line": 64, "column": 31 },
        "end": { "line": 112, "column": null }
      },
      "17": {
        "start": { "line": 70, "column": 8 },
        "end": { "line": 70, "column": null }
      },
      "18": {
        "start": { "line": 71, "column": 18 },
        "end": { "line": 71, "column": null }
      },
      "19": {
        "start": { "line": 74, "column": 2 },
        "end": { "line": 90, "column": null }
      },
      "20": {
        "start": { "line": 75, "column": 19 },
        "end": { "line": 75, "column": null }
      },
      "21": {
        "start": { "line": 76, "column": 4 },
        "end": { "line": 89, "column": null }
      },
      "22": {
        "start": { "line": 93, "column": 2 },
        "end": { "line": 102, "column": null }
      },
      "23": {
        "start": { "line": 94, "column": 17 },
        "end": { "line": 94, "column": null }
      },
      "24": {
        "start": { "line": 95, "column": 4 },
        "end": { "line": 97, "column": null }
      },
      "25": {
        "start": { "line": 96, "column": 6 },
        "end": { "line": 96, "column": null }
      },
      "26": {
        "start": { "line": 98, "column": 4 },
        "end": { "line": 101, "column": null }
      },
      "27": {
        "start": { "line": 99, "column": 20 },
        "end": { "line": 99, "column": null }
      },
      "28": {
        "start": { "line": 100, "column": 6 },
        "end": { "line": 100, "column": null }
      },
      "29": {
        "start": { "line": 100, "column": 17 },
        "end": { "line": 100, "column": null }
      },
      "30": {
        "start": { "line": 104, "column": 15 },
        "end": { "line": 104, "column": null }
      },
      "31": {
        "start": { "line": 107, "column": 2 },
        "end": { "line": 107, "column": null }
      },
      "32": {
        "start": { "line": 109, "column": 18 },
        "end": { "line": 109, "column": null }
      },
      "33": {
        "start": { "line": 111, "column": 2 },
        "end": { "line": 111, "column": null }
      }
    },
    "fnMap": {
      "0": {
        "name": "(anonymous_0)",
        "decl": {
          "start": { "line": 21, "column": 27 },
          "end": { "line": 21, "column": 28 }
        },
        "loc": {
          "start": { "line": 21, "column": 62 },
          "end": { "line": 44, "column": null }
        },
        "line": 21
      },
      "1": {
        "name": "(anonymous_1)",
        "decl": {
          "start": { "line": 36, "column": 37 },
          "end": { "line": 36, "column": 38 }
        },
        "loc": {
          "start": { "line": 36, "column": 44 },
          "end": { "line": 36, "column": 48 }
        },
        "line": 36
      },
      "2": {
        "name": "(anonymous_2)",
        "decl": {
          "start": { "line": 47, "column": 21 },
          "end": { "line": 47, "column": null }
        },
        "loc": {
          "start": { "line": 51, "column": 5 },
          "end": { "line": 62, "column": null }
        },
        "line": 51
      },
      "3": {
        "name": "(anonymous_3)",
        "decl": {
          "start": { "line": 64, "column": 31 },
          "end": { "line": 64, "column": null }
        },
        "loc": {
          "start": { "line": 69, "column": 50 },
          "end": { "line": 112, "column": null }
        },
        "line": 69
      },
      "4": {
        "name": "(anonymous_4)",
        "decl": {
          "start": { "line": 74, "column": 16 },
          "end": { "line": 74, "column": 17 }
        },
        "loc": {
          "start": { "line": 74, "column": 24 },
          "end": { "line": 90, "column": 3 }
        },
        "line": 74
      },
      "5": {
        "name": "(anonymous_5)",
        "decl": {
          "start": { "line": 93, "column": 16 },
          "end": { "line": 93, "column": 17 }
        },
        "loc": {
          "start": { "line": 93, "column": 24 },
          "end": { "line": 102, "column": 3 }
        },
        "line": 93
      },
      "6": {
        "name": "(anonymous_6)",
        "decl": {
          "start": { "line": 98, "column": 27 },
          "end": { "line": 98, "column": 28 }
        },
        "loc": {
          "start": { "line": 98, "column": 36 },
          "end": { "line": 101, "column": 5 }
        },
        "line": 98
      }
    },
    "branchMap": {
      "0": {
        "loc": {
          "start": { "line": 37, "column": 16 },
          "end": { "line": 37, "column": null }
        },
        "type": "binary-expr",
        "locations": [
          {
            "start": { "line": 37, "column": 16 },
            "end": { "line": 37, "column": 35 }
          },
          {
            "start": { "line": 37, "column": 35 },
            "end": { "line": 37, "column": null }
          }
        ],
        "line": 37
      },
      "1": {
        "loc": {
          "start": { "line": 53, "column": 4 },
          "end": { "line": 59, "column": null }
        },
        "type": "if",
        "locations": [
          {
            "start": { "line": 53, "column": 4 },
            "end": { "line": 59, "column": null }
          },
          {
            "start": { "line": 56, "column": 11 },
            "end": { "line": 59, "column": null }
          }
        ],
        "line": 53
      },
      "2": {
        "loc": {
          "start": { "line": 53, "column": 8 },
          "end": { "line": 53, "column": 61 }
        },
        "type": "binary-expr",
        "locations": [
          {
            "start": { "line": 53, "column": 8 },
            "end": { "line": 53, "column": 28 }
          },
          {
            "start": { "line": 53, "column": 28 },
            "end": { "line": 53, "column": 48 }
          },
          {
            "start": { "line": 53, "column": 48 },
            "end": { "line": 53, "column": 61 }
          }
        ],
        "line": 53
      },
      "3": {
        "loc": {
          "start": { "line": 67, "column": 2 },
          "end": { "line": 67, "column": null }
        },
        "type": "default-arg",
        "locations": [
          {
            "start": { "line": 67, "column": 22 },
            "end": { "line": 67, "column": null }
          }
        ],
        "line": 67
      },
      "4": {
        "loc": {
          "start": { "line": 68, "column": 2 },
          "end": { "line": 68, "column": null }
        },
        "type": "default-arg",
        "locations": [
          {
            "start": { "line": 68, "column": 21 },
            "end": { "line": 68, "column": null }
          }
        ],
        "line": 68
      },
      "5": {
        "loc": {
          "start": { "line": 82, "column": 13 },
          "end": { "line": 82, "column": null }
        },
        "type": "cond-expr",
        "locations": [
          {
            "start": { "line": 82, "column": 22 },
            "end": { "line": 82, "column": 38 }
          },
          {
            "start": { "line": 82, "column": 38 },
            "end": { "line": 82, "column": null }
          }
        ],
        "line": 82
      },
      "6": {
        "loc": {
          "start": { "line": 95, "column": 4 },
          "end": { "line": 97, "column": null }
        },
        "type": "if",
        "locations": [
          {
            "start": { "line": 95, "column": 4 },
            "end": { "line": 97, "column": null }
          },
          { "start": {}, "end": {} }
        ],
        "line": 95
      },
      "7": {
        "loc": {
          "start": { "line": 96, "column": 20 },
          "end": { "line": 96, "column": null }
        },
        "type": "binary-expr",
        "locations": [
          {
            "start": { "line": 96, "column": 20 },
            "end": { "line": 96, "column": 48 }
          },
          {
            "start": { "line": 96, "column": 48 },
            "end": { "line": 96, "column": null }
          }
        ],
        "line": 96
      },
      "8": {
        "loc": {
          "start": { "line": 100, "column": 6 },
          "end": { "line": 100, "column": null }
        },
        "type": "if",
        "locations": [
          {
            "start": { "line": 100, "column": 6 },
            "end": { "line": 100, "column": null }
          },
          { "start": {}, "end": {} }
        ],
        "line": 100
      },
      "9": {
        "loc": {
          "start": { "line": 109, "column": 18 },
          "end": { "line": 109, "column": null }
        },
        "type": "binary-expr",
        "locations": [
          {
            "start": { "line": 109, "column": 18 },
            "end": { "line": 109, "column": 48 }
          },
          {
            "start": { "line": 109, "column": 48 },
            "end": { "line": 109, "column": null }
          }
        ],
        "line": 109
      }
    },
    "s": {
      "0": 4,
      "1": 11,
      "2": 11,
      "3": 11,
      "4": 29,
      "5": 29,
      "6": 18,
      "7": 29,
      "8": 11,
      "9": 4,
      "10": 17,
      "11": 11,
      "12": 11,
      "13": 11,
      "14": 0,
      "15": 11,
      "16": 4,
      "17": 6,
      "18": 6,
      "19": 6,
      "20": 17,
      "21": 17,
      "22": 6,
      "23": 17,
      "24": 17,
      "25": 11,
      "26": 17,
      "27": 11,
      "28": 11,
      "29": 11,
      "30": 6,
      "31": 6,
      "32": 6,
      "33": 6
    },
    "f": { "0": 11, "1": 18, "2": 17, "3": 6, "4": 17, "5": 17, "6": 11 },
    "b": {
      "0": [29, 11],
      "1": [11, 0],
      "2": [11, 11, 11],
      "3": [6],
      "4": [6],
      "5": [6, 11],
      "6": [11, 6],
      "7": [11, 0],
      "8": [11, 0],
      "9": [6, 1]
    },
    "meta": {
      "lastBranch": 10,
      "lastFunction": 7,
      "lastStatement": 34,
      "seen": {
        "s:21:27:44:Infinity": 0,
        "f:21:27:21:28": 0,
        "s:22:32:22:Infinity": 1,
        "s:23:31:23:Infinity": 2,
        "s:25:2:41:Infinity": 3,
        "s:26:17:26:Infinity": 4,
        "s:27:4:39:Infinity": 5,
        "f:36:37:36:38": 1,
        "s:36:44:36:48": 6,
        "b:37:16:37:35:37:35:37:Infinity": 0,
        "s:40:4:40:Infinity": 7,
        "s:43:2:43:Infinity": 8,
        "s:47:21:62:Infinity": 9,
        "f:47:21:47:Infinity": 2,
        "s:52:2:61:Infinity": 10,
        "b:53:4:59:Infinity:56:11:59:Infinity": 1,
        "s:53:4:59:Infinity": 11,
        "b:53:8:53:28:53:28:53:48:53:48:53:61": 2,
        "s:54:12:54:Infinity": 12,
        "s:55:6:55:Infinity": 13,
        "s:58:6:58:Infinity": 14,
        "s:60:4:60:Infinity": 15,
        "s:64:31:112:Infinity": 16,
        "f:64:31:64:Infinity": 3,
        "b:67:22:67:Infinity": 3,
        "b:68:21:68:Infinity": 4,
        "s:70:8:70:Infinity": 17,
        "s:71:18:71:Infinity": 18,
        "s:74:2:90:Infinity": 19,
        "f:74:16:74:17": 4,
        "s:75:19:75:Infinity": 20,
        "s:76:4:89:Infinity": 21,
        "b:82:22:82:38:82:38:82:Infinity": 5,
        "s:93:2:102:Infinity": 22,
        "f:93:16:93:17": 5,
        "s:94:17:94:Infinity": 23,
        "b:95:4:97:Infinity:undefined:undefined:undefined:undefined": 6,
        "s:95:4:97:Infinity": 24,
        "s:96:6:96:Infinity": 25,
        "b:96:20:96:48:96:48:96:Infinity": 7,
        "s:98:4:101:Infinity": 26,
        "f:98:27:98:28": 6,
        "s:99:20:99:Infinity": 27,
        "b:100:6:100:Infinity:undefined:undefined:undefined:undefined": 8,
        "s:100:6:100:Infinity": 28,
        "s:100:17:100:Infinity": 29,
        "s:104:15:104:Infinity": 30,
        "s:107:2:107:Infinity": 31,
        "s:109:18:109:Infinity": 32,
        "b:109:18:109:48:109:48:109:Infinity": 9,
        "s:111:2:111:Infinity": 33
      }
    }
  },
  "/Users/larry/Git/my/zGo/client/src/entities/match/model/store.ts": {
    "path": "/Users/larry/Git/my/zGo/client/src/entities/match/model/store.ts",
    "statementMap": {
      "0": {
        "start": { "line": 20, "column": 13 },
        "end": { "line": 581, "column": null }
      },
      "1": {
        "start": { "line": 22, "column": 19 },
        "end": { "line": 517, "column": null }
      },
      "2": {
        "start": { "line": 77, "column": 8 },
        "end": { "line": 88, "column": null }
      },
      "3": {
        "start": { "line": 77, "column": 24 },
        "end": { "line": 88, "column": 10 }
      },
      "4": {
        "start": { "line": 84, "column": 14 },
        "end": { "line": 84, "column": null }
      },
      "5": {
        "start": { "line": 85, "column": 14 },
        "end": { "line": 85, "column": null }
      },
      "6": {
        "start": { "line": 91, "column": 8 },
        "end": { "line": 93, "column": null }
      },
      "7": {
        "start": { "line": 91, "column": 24 },
        "end": { "line": 93, "column": 10 }
      },
      "8": {
        "start": { "line": 96, "column": 8 },
        "end": { "line": 96, "column": null }
      },
      "9": {
        "start": { "line": 96, "column": 24 },
        "end": { "line": 96, "column": 77 }
      },
      "10": {
        "start": { "line": 108, "column": 12 },
        "end": { "line": 108, "column": null }
      },
      "11": {
        "start": { "line": 110, "column": 8 },
        "end": { "line": 110, "column": null }
      },
      "12": {
        "start": { "line": 110, "column": 41 },
        "end": { "line": 110, "column": null }
      },
      "13": {
        "start": { "line": 112, "column": 30 },
        "end": { "line": 114, "column": null }
      },
      "14": {
        "start": { "line": 116, "column": 44 },
        "end": { "line": 122, "column": null }
      },
      "15": {
        "start": { "line": 124, "column": 8 },
        "end": { "line": 124, "column": null }
      },
      "16": {
        "start": { "line": 124, "column": 22 },
        "end": { "line": 124, "column": null }
      },
      "17": {
        "start": { "line": 127, "column": 10 },
        "end": { "line": 129, "column": null }
      },
      "18": {
        "start": { "line": 131, "column": 8 },
        "end": { "line": 177, "column": null }
      },
      "19": {
        "start": { "line": 133, "column": 18 },
        "end": { "line": 136, "column": null }
      },
      "20": {
        "start": { "line": 137, "column": 34 },
        "end": { "line": 139, "column": null }
      },
      "21": {
        "start": { "line": 138, "column": 38 },
        "end": { "line": 138, "column": null }
      },
      "22": {
        "start": { "line": 141, "column": 12 },
        "end": { "line": 169, "column": null }
      },
      "23": {
        "start": { "line": 142, "column": 14 },
        "end": { "line": 142, "column": null }
      },
      "24": {
        "start": { "line": 143, "column": 14 },
        "end": { "line": 143, "column": null }
      },
      "25": {
        "start": { "line": 145, "column": 43 },
        "end": { "line": 163, "column": null }
      },
      "26": {
        "start": { "line": 164, "column": 14 },
        "end": { "line": 164, "column": null }
      },
      "27": {
        "start": { "line": 166, "column": 14 },
        "end": { "line": 167, "column": null }
      },
      "28": {
        "start": { "line": 168, "column": 14 },
        "end": { "line": 168, "column": null }
      },
      "29": {
        "start": { "line": 171, "column": 12 },
        "end": { "line": 171, "column": null }
      },
      "30": {
        "start": { "line": 172, "column": 12 },
        "end": { "line": 172, "column": null }
      },
      "31": {
        "start": { "line": 173, "column": 12 },
        "end": { "line": 173, "column": null }
      },
      "32": {
        "start": { "line": 174, "column": 12 },
        "end": { "line": 174, "column": null }
      },
      "33": {
        "start": { "line": 175, "column": 12 },
        "end": { "line": 175, "column": null }
      },
      "34": {
        "start": { "line": 190, "column": 12 },
        "end": { "line": 190, "column": null }
      },
      "35": {
        "start": { "line": 192, "column": 8 },
        "end": { "line": 192, "column": null }
      },
      "36": {
        "start": { "line": 192, "column": 41 },
        "end": { "line": 192, "column": null }
      },
      "37": {
        "start": { "line": 195, "column": 10 },
        "end": { "line": 197, "column": null }
      },
      "38": {
        "start": { "line": 199, "column": 26 },
        "end": { "line": 199, "column": null }
      },
      "39": {
        "start": { "line": 200, "column": 28 },
        "end": { "line": 200, "column": null }
      },
      "40": {
        "start": { "line": 202, "column": 8 },
        "end": { "line": 240, "column": null }
      },
      "41": {
        "start": { "line": 204, "column": 18 },
        "end": { "line": 207, "column": null }
      },
      "42": {
        "start": { "line": 208, "column": 34 },
        "end": { "line": 210, "column": null }
      },
      "43": {
        "start": { "line": 209, "column": 38 },
        "end": { "line": 209, "column": null }
      },
      "44": {
        "start": { "line": 212, "column": 12 },
        "end": { "line": 231, "column": null }
      },
      "45": {
        "start": { "line": 213, "column": 14 },
        "end": { "line": 213, "column": null }
      },
      "46": {
        "start": { "line": 215, "column": 43 },
        "end": { "line": 227, "column": null }
      },
      "47": {
        "start": { "line": 228, "column": 14 },
        "end": { "line": 228, "column": null }
      },
      "48": {
        "start": { "line": 229, "column": 14 },
        "end": { "line": 230, "column": null }
      },
      "49": {
        "start": { "line": 233, "column": 12 },
        "end": { "line": 233, "column": null }
      },
      "50": {
        "start": { "line": 234, "column": 12 },
        "end": { "line": 234, "column": null }
      },
      "51": {
        "start": { "line": 235, "column": 12 },
        "end": { "line": 235, "column": null }
      },
      "52": {
        "start": { "line": 236, "column": 12 },
        "end": { "line": 236, "column": null }
      },
      "53": {
        "start": { "line": 237, "column": 12 },
        "end": { "line": 237, "column": null }
      },
      "54": {
        "start": { "line": 238, "column": 12 },
        "end": { "line": 238, "column": null }
      },
      "55": {
        "start": { "line": 244, "column": 8 },
        "end": { "line": 249, "column": null }
      },
      "56": {
        "start": { "line": 252, "column": 8 },
        "end": { "line": 256, "column": null }
      },
      "57": {
        "start": { "line": 252, "column": 24 },
        "end": { "line": 256, "column": 10 }
      },
      "58": {
        "start": { "line": 259, "column": 8 },
        "end": { "line": 259, "column": null }
      },
      "59": {
        "start": { "line": 259, "column": 24 },
        "end": { "line": 259, "column": 66 }
      },
      "60": {
        "start": { "line": 261, "column": 48 },
        "end": { "line": 261, "column": null }
      },
      "61": {
        "start": { "line": 264, "column": 8 },
        "end": { "line": 264, "column": null }
      },
      "62": {
        "start": { "line": 266, "column": 50 },
        "end": { "line": 266, "column": null }
      },
      "63": {
        "start": { "line": 268, "column": 58 },
        "end": { "line": 268, "column": null }
      },
      "64": {
        "start": { "line": 270, "column": 44 },
        "end": { "line": 270, "column": null }
      },
      "65": {
        "start": { "line": 272, "column": 48 },
        "end": { "line": 272, "column": null }
      },
      "66": {
        "start": { "line": 276, "column": 11 },
        "end": { "line": 276, "column": null }
      },
      "67": {
        "start": { "line": 280, "column": 68 },
        "end": { "line": 280, "column": null }
      },
      "68": {
        "start": { "line": 281, "column": 8 },
        "end": { "line": 281, "column": null }
      },
      "69": {
        "start": { "line": 281, "column": 28 },
        "end": { "line": 281, "column": null }
      },
      "70": {
        "start": { "line": 282, "column": 14 },
        "end": { "line": 282, "column": null }
      },
      "71": {
        "start": { "line": 283, "column": 8 },
        "end": { "line": 283, "column": null }
      },
      "72": {
        "start": { "line": 283, "column": 38 },
        "end": { "line": 283, "column": null }
      },
      "73": {
        "start": { "line": 284, "column": 27 },
        "end": { "line": 284, "column": null }
      },
      "74": {
        "start": { "line": 285, "column": 8 },
        "end": { "line": 295, "column": null }
      },
      "75": {
        "start": { "line": 299, "column": 52 },
        "end": { "line": 299, "column": null }
      },
      "76": {
        "start": { "line": 300, "column": 14 },
        "end": { "line": 300, "column": null }
      },
      "77": {
        "start": { "line": 301, "column": 8 },
        "end": { "line": 311, "column": null }
      },
      "78": {
        "start": { "line": 302, "column": 27 },
        "end": { "line": 302, "column": null }
      },
      "79": {
        "start": { "line": 303, "column": 10 },
        "end": { "line": 310, "column": null }
      },
      "80": {
        "start": { "line": 315, "column": 42 },
        "end": { "line": 315, "column": null }
      },
      "81": {
        "start": { "line": 316, "column": 8 },
        "end": { "line": 326, "column": null }
      },
      "82": {
        "start": { "line": 317, "column": 27 },
        "end": { "line": 317, "column": null }
      },
      "83": {
        "start": { "line": 318, "column": 10 },
        "end": { "line": 325, "column": null }
      },
      "84": {
        "start": { "line": 330, "column": 39 },
        "end": { "line": 330, "column": null }
      },
      "85": {
        "start": { "line": 331, "column": 25 },
        "end": { "line": 331, "column": null }
      },
      "86": {
        "start": { "line": 332, "column": 8 },
        "end": { "line": 336, "column": null }
      },
      "87": {
        "start": { "line": 332, "column": 21 },
        "end": { "line": 332, "column": 24 }
      },
      "88": {
        "start": { "line": 333, "column": 10 },
        "end": { "line": 335, "column": null }
      },
      "89": {
        "start": { "line": 334, "column": 12 },
        "end": { "line": 334, "column": null }
      },
      "90": {
        "start": { "line": 335, "column": 17 },
        "end": { "line": 335, "column": null }
      },
      "91": {
        "start": { "line": 338, "column": 8 },
        "end": { "line": 345, "column": null }
      },
      "92": {
        "start": { "line": 350, "column": 39 },
        "end": { "line": 350, "column": null }
      },
      "93": {
        "start": { "line": 351, "column": 14 },
        "end": { "line": 351, "column": null }
      },
      "94": {
        "start": { "line": 353, "column": 8 },
        "end": { "line": 362, "column": null }
      },
      "95": {
        "start": { "line": 354, "column": 10 },
        "end": { "line": 361, "column": null }
      },
      "96": {
        "start": { "line": 366, "column": 8 },
        "end": { "line": 375, "column": null }
      },
      "97": {
        "start": { "line": 368, "column": 18 },
        "end": { "line": 368, "column": null }
      },
      "98": {
        "start": { "line": 369, "column": 12 },
        "end": { "line": 371, "column": null }
      },
      "99": {
        "start": { "line": 370, "column": 14 },
        "end": { "line": 370, "column": null }
      },
      "100": {
        "start": { "line": 373, "column": 12 },
        "end": { "line": 373, "column": null }
      },
      "101": {
        "start": { "line": 379, "column": 8 },
        "end": { "line": 390, "column": null }
      },
      "102": {
        "start": { "line": 381, "column": 12 },
        "end": { "line": 386, "column": null }
      },
      "103": {
        "start": { "line": 382, "column": 20 },
        "end": { "line": 382, "column": null }
      },
      "104": {
        "start": { "line": 383, "column": 14 },
        "end": { "line": 385, "column": null }
      },
      "105": {
        "start": { "line": 384, "column": 16 },
        "end": { "line": 384, "column": null }
      },
      "106": {
        "start": { "line": 388, "column": 12 },
        "end": { "line": 388, "column": null }
      },
      "107": {
        "start": { "line": 402, "column": 26 },
        "end": { "line": 402, "column": null }
      },
      "108": {
        "start": { "line": 403, "column": 25 },
        "end": { "line": 403, "column": null }
      },
      "109": {
        "start": { "line": 404, "column": 14 },
        "end": { "line": 404, "column": null }
      },
      "110": {
        "start": { "line": 405, "column": 22 },
        "end": { "line": 405, "column": null }
      },
      "111": {
        "start": { "line": 407, "column": 8 },
        "end": { "line": 448, "column": null }
      },
      "112": {
        "start": { "line": 409, "column": 16 },
        "end": { "line": 409, "column": null }
      },
      "113": {
        "start": { "line": 410, "column": 28 },
        "end": { "line": 410, "column": null }
      },
      "114": {
        "start": { "line": 412, "column": 25 },
        "end": { "line": 412, "column": null }
      },
      "115": {
        "start": { "line": 413, "column": 25 },
        "end": { "line": 413, "column": null }
      },
      "116": {
        "start": { "line": 414, "column": 10 },
        "end": { "line": 424, "column": null }
      },
      "117": {
        "start": { "line": 415, "column": 18 },
        "end": { "line": 421, "column": null }
      },
      "118": {
        "start": { "line": 422, "column": 12 },
        "end": { "line": 422, "column": null }
      },
      "119": {
        "start": { "line": 423, "column": 12 },
        "end": { "line": 423, "column": null }
      },
      "120": {
        "start": { "line": 426, "column": 39 },
        "end": { "line": 445, "column": null }
      },
      "121": {
        "start": { "line": 446, "column": 10 },
        "end": { "line": 446, "column": null }
      },
      "122": {
        "start": { "line": 447, "column": 10 },
        "end": { "line": 447, "column": null }
      },
      "123": {
        "start": { "line": 450, "column": 8 },
        "end": { "line": 468, "column": null }
      },
      "124": {
        "start": { "line": 472, "column": 8 },
        "end": { "line": 483, "column": null }
      },
      "125": {
        "start": { "line": 473, "column": 27 },
        "end": { "line": 473, "column": null }
      },
      "126": {
        "start": { "line": 474, "column": 10 },
        "end": { "line": 476, "column": null }
      },
      "127": {
        "start": { "line": 475, "column": 12 },
        "end": { "line": 475, "column": null }
      },
      "128": {
        "start": { "line": 477, "column": 10 },
        "end": { "line": 481, "column": null }
      },
      "129": {
        "start": { "line": 478, "column": 12 },
        "end": { "line": 478, "column": null }
      },
      "130": {
        "start": { "line": 479, "column": 10 },
        "end": { "line": 481, "column": null }
      },
      "131": {
        "start": { "line": 480, "column": 12 },
        "end": { "line": 480, "column": null }
      },
      "132": {
        "start": { "line": 482, "column": 10 },
        "end": { "line": 482, "column": null }
      },
      "133": {
        "start": { "line": 486, "column": 8 },
        "end": { "line": 486, "column": null }
      },
      "134": {
        "start": { "line": 489, "column": 8 },
        "end": { "line": 489, "column": null }
      },
      "135": {
        "start": { "line": 491, "column": 40 },
        "end": { "line": 491, "column": null }
      },
      "136": {
        "start": { "line": 492, "column": 14 },
        "end": { "line": 492, "column": null }
      },
      "137": {
        "start": { "line": 493, "column": 44 },
        "end": { "line": 493, "column": null }
      },
      "138": {
        "start": { "line": 495, "column": 8 },
        "end": { "line": 515, "column": null }
      },
      "139": {
        "start": { "line": 521, "column": 8 },
        "end": { "line": 531, "column": null }
      },
      "140": {
        "start": { "line": 522, "column": 10 },
        "end": { "line": 522, "column": null }
      },
      "141": {
        "start": { "line": 526, "column": 10 },
        "end": { "line": 530, "column": null }
      },
      "142": {
        "start": { "line": 527, "column": 27 },
        "end": { "line": 527, "column": null }
      },
      "143": {
        "start": { "line": 536, "column": 51 },
        "end": { "line": 536, "column": null }
      },
      "144": {
        "start": { "line": 537, "column": 28 },
        "end": { "line": 545, "column": null }
      },
      "145": {
        "start": { "line": 540, "column": 14 },
        "end": { "line": 543, "column": null }
      },
      "146": {
        "start": { "line": 547, "column": 8 },
        "end": { "line": 547, "column": null }
      },
      "147": {
        "start": { "line": 551, "column": 28 },
        "end": { "line": 551, "column": null }
      },
      "148": {
        "start": { "line": 552, "column": 8 },
        "end": { "line": 559, "column": null }
      },
      "149": {
        "start": { "line": 553, "column": 10 },
        "end": { "line": 556, "column": null }
      },
      "150": {
        "start": { "line": 554, "column": 24 },
        "end": { "line": 554, "column": null }
      },
      "151": {
        "start": { "line": 555, "column": 12 },
        "end": { "line": 555, "column": null }
      },
      "152": {
        "start": { "line": 555, "column": 21 },
        "end": { "line": 555, "column": null }
      },
      "153": {
        "start": { "line": 558, "column": 10 },
        "end": { "line": 558, "column": null }
      },
      "154": {
        "start": { "line": 561, "column": 8 },
        "end": { "line": 562, "column": null }
      },
      "155": {
        "start": { "line": 562, "column": 10 },
        "end": { "line": 562, "column": null }
      },
      "156": {
        "start": { "line": 564, "column": 30 },
        "end": { "line": 569, "column": null }
      },
      "157": {
        "start": { "line": 571, "column": 8 },
        "end": { "line": 577, "column": null }
      },
      "158": {
        "start": { "line": 584, "column": 56 },
        "end": { "line": 584, "column": null }
      },
      "159": {
[...]
      },
      "2": {
        "start": { "line": 7, "column": 13 },
        "end": { "line": 7, "column": null }
      },
      "3": {
        "start": { "line": 8, "column": 2 },
        "end": { "line": 8, "column": null }
      },
      "4": {
        "start": { "line": 8, "column": 23 },
        "end": { "line": 8, "column": null }
      },
      "5": {
        "start": { "line": 11, "column": 21 },
        "end": { "line": 11, "column": null }
      },
      "6": {
        "start": { "line": 12, "column": 2 },
        "end": { "line": 19, "column": null }
      },
      "7": {
        "start": { "line": 14, "column": 6 },
        "end": { "line": 14, "column": null }
      },
      "8": {
        "start": { "line": 15, "column": 4 },
        "end": { "line": 18, "column": null }
      },
      "9": {
        "start": { "line": 22, "column": 22 },
        "end": { "line": 24, "column": null }
      },
      "10": {
        "start": { "line": 25, "column": 2 },
        "end": { "line": 35, "column": null }
      },
      "11": {
        "start": { "line": 27, "column": 6 },
        "end": { "line": 27, "column": null }
      },
      "12": {
        "start": { "line": 28, "column": 23 },
        "end": { "line": 28, "column": null }
      },
      "13": {
        "start": { "line": 29, "column": 22 },
        "end": { "line": 29, "column": null }
      },
      "14": {
        "start": { "line": 32, "column": 4 },
        "end": { "line": 34, "column": null }
      },
      "15": {
        "start": { "line": 33, "column": 6 },
        "end": { "line": 33, "column": null }
      },
      "16": {
        "start": { "line": 37, "column": 2 },
        "end": { "line": 37, "column": null }
      }
    },
    "fnMap": {
      "0": {
        "name": "(anonymous_0)",
        "decl": {
          "start": { "line": 3, "column": 36 },
          "end": { "line": 3, "column": null }
        },
        "loc": {
          "start": { "line": 6, "column": 20 },
          "end": { "line": 38, "column": null }
        },
        "line": 6
      }
    },
    "branchMap": {
      "0": {
        "loc": {
          "start": { "line": 7, "column": 2 },
          "end": { "line": 7, "column": null }
        },
        "type": "if",
        "locations": [
          {
            "start": { "line": 7, "column": 2 },
            "end": { "line": 7, "column": null }
          },
          { "start": {}, "end": {} }
        ],
        "line": 7
      },
      "1": {
        "loc": {
          "start": { "line": 8, "column": 2 },
          "end": { "line": 8, "column": null }
        },
        "type": "if",
        "locations": [
          {
            "start": { "line": 8, "column": 2 },
            "end": { "line": 8, "column": null }
          },
          { "start": {}, "end": {} }
        ],
        "line": 8
      },
      "2": {
        "loc": {
          "start": { "line": 12, "column": 2 },
          "end": { "line": 19, "column": null }
        },
        "type": "if",
        "locations": [
          {
            "start": { "line": 12, "column": 2 },
            "end": { "line": 19, "column": null }
          },
          { "start": {}, "end": {} }
        ],
        "line": 12
      },
      "3": {
        "loc": {
          "start": { "line": 14, "column": 6 },
          "end": { "line": 14, "column": null }
        },
        "type": "cond-expr",
        "locations": [
          {
            "start": { "line": 14, "column": 48 },
            "end": { "line": 14, "column": 61 }
          },
          {
            "start": { "line": 14, "column": 61 },
            "end": { "line": 14, "column": null }
          }
        ],
        "line": 14
      },
      "4": {
        "loc": {
          "start": { "line": 25, "column": 2 },
          "end": { "line": 35, "column": null }
        },
        "type": "if",
        "locations": [
          {
            "start": { "line": 25, "column": 2 },
            "end": { "line": 35, "column": null }
          },
          { "start": {}, "end": {} }
        ],
        "line": 25
      },
      "5": {
        "loc": {
          "start": { "line": 27, "column": 6 },
          "end": { "line": 27, "column": null }
        },
        "type": "cond-expr",
        "locations": [
          {
            "start": { "line": 27, "column": 49 },
            "end": { "line": 27, "column": 59 }
          },
          {
            "start": { "line": 27, "column": 59 },
            "end": { "line": 27, "column": null }
          }
        ],
        "line": 27
      },
      "6": {
        "loc": {
          "start": { "line": 28, "column": 23 },
          "end": { "line": 28, "column": null }
        },
        "type": "cond-expr",
        "locations": [
          {
            "start": { "line": 28, "column": 49 },
            "end": { "line": 28, "column": 62 }
          },
          {
            "start": { "line": 28, "column": 62 },
            "end": { "line": 28, "column": null }
          }
        ],
        "line": 28
      },
      "7": {
        "loc": {
          "start": { "line": 29, "column": 22 },
          "end": { "line": 29, "column": null }
        },
        "type": "cond-expr",
        "locations": [
          {
            "start": { "line": 29, "column": 48 },
            "end": { "line": 29, "column": 61 }
          },
          {
            "start": { "line": 29, "column": 61 },
            "end": { "line": 29, "column": null }
          }
        ],
        "line": 29
      },
      "8": {
        "loc": {
          "start": { "line": 32, "column": 4 },
          "end": { "line": 34, "column": null }
        },
        "type": "if",
        "locations": [
          {
            "start": { "line": 32, "column": 4 },
            "end": { "line": 34, "column": null }
          },
          { "start": {}, "end": {} }
        ],
        "line": 32
      }
    },
    "s": {
      "0": 1,
      "1": 10,
      "2": 2,
      "3": 8,
      "4": 1,
      "5": 7,
      "6": 7,
      "7": 4,
      "8": 4,
      "9": 3,
      "10": 3,
      "11": 2,
      "12": 2,
      "13": 2,
      "14": 2,
      "15": 2,
      "16": 1
    },
    "f": { "0": 10 },
    "b": {
      "0": [2, 8],
      "1": [1, 7],
      "2": [4, 3],
      "3": [3, 1],
      "4": [2, 1],
      "5": [1, 1],
      "6": [1, 1],
      "7": [1, 1],
      "8": [2, 0]
    },
    "meta": {
      "lastBranch": 9,
      "lastFunction": 1,
      "lastStatement": 17,
      "seen": {
        "s:3:36:38:Infinity": 0,
        "f:3:36:3:Infinity": 0,
        "b:7:2:7:Infinity:undefined:undefined:undefined:undefined": 0,
        "s:7:2:7:Infinity": 1,
        "s:7:13:7:Infinity": 2,
        "b:8:2:8:Infinity:undefined:undefined:undefined:undefined": 1,
        "s:8:2:8:Infinity": 3,
        "s:8:23:8:Infinity": 4,
        "s:11:21:11:Infinity": 5,
        "b:12:2:19:Infinity:undefined:undefined:undefined:undefined": 2,
        "s:12:2:19:Infinity": 6,
        "s:14:6:14:Infinity": 7,
        "b:14:48:14:61:14:61:14:Infinity": 3,
        "s:15:4:18:Infinity": 8,
        "s:22:22:24:Infinity": 9,
        "b:25:2:35:Infinity:undefined:undefined:undefined:undefined": 4,
        "s:25:2:35:Infinity": 10,
        "s:27:6:27:Infinity": 11,
        "b:27:49:27:59:27:59:27:Infinity": 5,
        "s:28:23:28:Infinity": 12,
        "b:28:49:28:62:28:62:28:Infinity": 6,
        "s:29:22:29:Infinity": 13,
        "b:29:48:29:61:29:61:29:Infinity": 7,
        "b:32:4:34:Infinity:undefined:undefined:undefined:undefined": 8,
        "s:32:4:34:Infinity": 14,
        "s:33:6:33:Infinity": 15,
        "s:37:2:37:Infinity": 16
      }
    }
  },
  "/Users/larry/Git/my/zGo/client/src/shared/lib/goUtils.ts": {
    "path": "/Users/larry/Git/my/zGo/client/src/shared/lib/goUtils.ts",
    "statementMap": {
      "0": {
        "start": { "line": 8, "column": 32 },
        "end": { "line": 18, "column": null }
      },
      "1": {
        "start": { "line": 12, "column": 2 },
        "end": { "line": 18, "column": null }
      },
      "2": {
        "start": { "line": 24, "column": 32 },
        "end": { "line": 35, "column": null }
      },
      "3": {
        "start": { "line": 27, "column": 53 },
        "end": { "line": 27, "column": null }
      },
      "4": {
        "start": { "line": 28, "column": 2 },
        "end": { "line": 33, "column": null }
      },
      "5": {
        "start": { "line": 28, "column": 15 },
        "end": { "line": 28, "column": 18 }
      },
      "6": {
        "start": { "line": 29, "column": 17 },
        "end": { "line": 29, "column": null }
      },
      "7": {
        "start": { "line": 30, "column": 4 },
        "end": { "line": 32, "column": null }
      },
      "8": {
        "start": { "line": 34, "column": 2 },
        "end": { "line": 34, "column": null }
      }
    },
    "fnMap": {
      "0": {
        "name": "(anonymous_0)",
        "decl": {
          "start": { "line": 8, "column": 32 },
          "end": { "line": 8, "column": null }
        },
        "loc": {
          "start": { "line": 12, "column": 2 },
          "end": { "line": 18, "column": null }
        },
        "line": 12
      },
      "1": {
        "name": "(anonymous_1)",
        "decl": {
          "start": { "line": 24, "column": 32 },
          "end": { "line": 24, "column": null }
        },
        "loc": {
          "start": { "line": 26, "column": 42 },
          "end": { "line": 35, "column": null }
        },
        "line": 26
      }
    },
    "branchMap": {
      "0": {
        "loc": {
          "start": { "line": 12, "column": 2 },
          "end": { "line": 18, "column": null }
        },
        "type": "cond-expr",
        "locations": [
          {
            "start": { "line": 13, "column": 6 },
            "end": { "line": 15, "column": null }
          },
          {
            "start": { "line": 16, "column": 6 },
            "end": { "line": 18, "column": null }
          }
        ],
        "line": 12
      },
      "1": {
        "loc": {
          "start": { "line": 13, "column": 6 },
          "end": { "line": 15, "column": null }
        },
        "type": "cond-expr",
        "locations": [
          {
            "start": { "line": 14, "column": 8 },
            "end": { "line": 14, "column": null }
          },
          {
            "start": { "line": 15, "column": 8 },
            "end": { "line": 15, "column": null }
          }
        ],
        "line": 13
      },
      "2": {
        "loc": {
          "start": { "line": 16, "column": 6 },
          "end": { "line": 18, "column": null }
        },
        "type": "cond-expr",
        "locations": [
          {
            "start": { "line": 17, "column": 8 },
            "end": { "line": 17, "column": null }
          },
          {
            "start": { "line": 18, "column": 8 },
            "end": { "line": 18, "column": null }
          }
        ],
        "line": 16
      },
      "3": {
        "loc": {
          "start": { "line": 31, "column": 6 },
          "end": { "line": 31, "column": null }
        },
        "type": "cond-expr",
        "locations": [
          {
            "start": { "line": 31, "column": 43 },
            "end": { "line": 31, "column": 70 }
          },
          {
            "start": { "line": 31, "column": 70 },
            "end": { "line": 31, "column": null }
          }
        ],
        "line": 31
      },
      "4": {
        "loc": {
          "start": { "line": 31, "column": 6 },
          "end": { "line": 31, "column": 43 }
        },
        "type": "binary-expr",
        "locations": [
          {
            "start": { "line": 31, "column": 6 },
            "end": { "line": 31, "column": 25 }
          },
          {
            "start": { "line": 31, "column": 25 },
            "end": { "line": 31, "column": 43 }
          }
        ],
        "line": 31
      }
    },
    "s": {
      "0": 5,
      "1": 42,
      "2": 5,
      "3": 2,
      "4": 2,
      "5": 2,
      "6": 3,
      "7": 3,
      "8": 2
    },
    "f": { "0": 42, "1": 2 },
    "b": { "0": [7, 35], "1": [5, 2], "2": [23, 12], "3": [2, 1], "4": [3, 2] },
    "meta": {
      "lastBranch": 5,
      "lastFunction": 2,
      "lastStatement": 9,
      "seen": {
        "s:8:32:18:Infinity": 0,
        "f:8:32:8:Infinity": 0,
        "s:12:2:18:Infinity": 1,
        "b:13:6:15:Infinity:16:6:18:Infinity": 0,
        "b:14:8:14:Infinity:15:8:15:Infinity": 1,
        "b:17:8:17:Infinity:18:8:18:Infinity": 2,
        "s:24:32:35:Infinity": 2,
        "f:24:32:24:Infinity": 1,
        "s:27:53:27:Infinity": 3,
        "s:28:2:33:Infinity": 4,
        "s:28:15:28:18": 5,
        "s:29:17:29:Infinity": 6,
        "s:30:4:32:Infinity": 7,
        "b:31:43:31:70:31:70:31:Infinity": 3,
        "b:31:6:31:25:31:25:31:43": 4,
        "s:34:2:34:Infinity": 8
      }
    }
  },
  "/Users/larry/Git/my/zGo/client/src/shared/lib/errors/AppError.ts": {
    "path": "/Users/larry/Git/my/zGo/client/src/shared/lib/errors/AppError.ts",
    "statementMap": {
      "0": {
        "start": { "line": 13, "column": 4 },
        "end": { "line": 13, "column": null }
      },
      "1": {
        "start": { "line": 14, "column": 4 },
        "end": { "line": 14, "column": null }
      },
      "2": {
        "start": { "line": 15, "column": 4 },
        "end": { "line": 15, "column": null }
      },
      "3": {
        "start": { "line": 16, "column": 4 },
        "end": { "line": 16, "column": null }
      },
      "4": {
        "start": { "line": 20, "column": 4 },
        "end": { "line": 20, "column": null }
      },
      "5": {
        "start": { "line": 24, "column": 28 },
        "end": { "line": 26, "column": null }
      },
      "6": {
        "start": { "line": 25, "column": 3 },
        "end": { "line": 26, "column": null }
      },
      "7": {
        "start": { "line": 28, "column": 33 },
        "end": { "line": 45, "column": null }
      },
      "8": {
        "start": { "line": 32, "column": 2 },
        "end": { "line": 34, "column": null }
      },
      "9": {
        "start": { "line": 33, "column": 4 },
        "end": { "line": 33, "column": null }
      },
      "10": {
        "start": { "line": 37, "column": 2 },
        "end": { "line": 39, "column": null }
      },
      "11": {
        "start": { "line": 38, "column": 4 },
        "end": { "line": 38, "column": null }
      },
      "12": {
        "start": { "line": 42, "column": 2 },
        "end": { "line": 42, "column": null }
      },
      "13": {
        "start": { "line": 44, "column": 2 },
        "end": { "line": 44, "column": null }
      }
    },
    "fnMap": {
      "0": {
        "name": "(anonymous_0)",
        "decl": {
          "start": { "line": 7, "column": 2 },
          "end": { "line": 7, "column": null }
        },
        "loc": {
          "start": { "line": 12, "column": 4 },
          "end": { "line": 17, "column": null }
        },
        "line": 12
      },
      "1": {
        "name": "(anonymous_1)",
        "decl": {
          "start": { "line": 19, "column": 6 },
          "end": { "line": 19, "column": 19 }
        },
        "loc": {
          "start": { "line": 19, "column": 19 },
          "end": { "line": 21, "column": null }
        },
        "line": 19
      },
      "2": {
        "name": "(anonymous_2)",
        "decl": {
          "start": { "line": 24, "column": 28 },
          "end": { "line": 24, "column": 29 }
        },
        "loc": {
          "start": { "line": 25, "column": 3 },
          "end": { "line": 26, "column": null }
        },
        "line": 25
      },
      "3": {
        "name": "(anonymous_3)",
        "decl": {
          "start": { "line": 28, "column": 33 },
          "end": { "line": 28, "column": null }
        },
        "loc": {
          "start": { "line": 31, "column": 30 },
          "end": { "line": 45, "column": null }
        },
        "line": 31
      }
    },
    "branchMap": {
      "0": {
        "loc": {
          "start": { "line": 9, "column": 4 },
          "end": { "line": 9, "column": null }
        },
        "type": "default-arg",
        "locations": [
          {
            "start": { "line": 9, "column": 25 },
            "end": { "line": 9, "column": null }
          }
        ],
        "line": 9
      },
      "1": {
        "loc": {
          "start": { "line": 11, "column": 4 },
          "end": { "line": 11, "column": null }
        },
        "type": "default-arg",
        "locations": [
          {
            "start": { "line": 11, "column": 20 },
            "end": { "line": 11, "column": null }
          }
        ],
        "line": 11
      },
      "2": {
        "loc": {
          "start": { "line": 25, "column": 3 },
          "end": { "line": 26, "column": null }
        },
        "type": "binary-expr",
        "locations": [
          {
            "start": { "line": 25, "column": 3 },
            "end": { "line": 25, "column": 34 }
          },
          {
            "start": { "line": 25, "column": 34 },
            "end": { "line": 25, "column": null }
          },
          {
            "start": { "line": 26, "column": 3 },
            "end": { "line": 26, "column": 27 }
          },
          {
            "start": { "line": 26, "column": 27 },
            "end": { "line": 26, "column": null }
          }
        ],
        "line": 25
      },
      "3": {
        "loc": {
          "start": { "line": 30, "column": 2 },
          "end": { "line": 30, "column": null }
        },
        "type": "default-arg",
        "locations": [
          {
            "start": { "line": 30, "column": 27 },
            "end": { "line": 30, "column": null }
          }
        ],
        "line": 30
      },
      "4": {
        "loc": {
          "start": { "line": 32, "column": 2 },
          "end": { "line": 34, "column": null }
        },
        "type": "if",
        "locations": [
          {
            "start": { "line": 32, "column": 2 },
            "end": { "line": 34, "column": null }
          },
          { "start": {}, "end": {} }
        ],
        "line": 32
      },
      "5": {
        "loc": {
          "start": { "line": 37, "column": 2 },
          "end": { "line": 39, "column": null }
        },
        "type": "if",
        "locations": [
          {
            "start": { "line": 37, "column": 2 },
            "end": { "line": 39, "column": null }
          },
          { "start": {}, "end": {} }
        ],
        "line": 37
      }
    },
    "s": {
      "0": 0,
      "1": 0,
      "2": 0,
      "3": 0,
      "4": 0,
      "5": 4,
      "6": 0,
      "7": 4,
      "8": 0,
      "9": 0,
      "10": 0,
      "11": 0,
      "12": 0,
      "13": 0
    },
    "f": { "0": 0, "1": 0, "2": 0, "3": 0 },
    "b": {
      "0": [0],
      "1": [0],
      "2": [0, 0, 0, 0],
      "3": [0],
      "4": [0, 0],
      "5": [0, 0]
    },
    "meta": {
      "lastBranch": 6,
      "lastFunction": 4,
      "lastStatement": 14,
      "seen": {
        "f:7:2:7:Infinity": 0,
        "b:9:25:9:Infinity": 0,
        "b:11:20:11:Infinity": 1,
        "s:13:4:13:Infinity": 0,
        "s:14:4:14:Infinity": 1,
        "s:15:4:15:Infinity": 2,
        "s:16:4:16:Infinity": 3,
        "f:19:6:19:19": 1,
        "s:20:4:20:Infinity": 4,
        "s:24:28:26:Infinity": 5,
        "f:24:28:24:29": 2,
        "s:25:3:26:Infinity": 6,
        "b:25:3:25:34:25:34:25:Infinity:26:3:26:27:26:27:26:Infinity": 2,
        "s:28:33:45:Infinity": 7,
        "f:28:33:28:Infinity": 3,
        "b:30:27:30:Infinity": 3,
        "b:32:2:34:Infinity:undefined:undefined:undefined:undefined": 4,
        "s:32:2:34:Infinity": 8,
        "s:33:4:33:Infinity": 9,
        "b:37:2:39:Infinity:undefined:undefined:undefined:undefined": 5,
        "s:37:2:39:Infinity": 10,
        "s:38:4:38:Infinity": 11,
        "s:42:2:42:Infinity": 12,
        "s:44:2:44:Infinity": 13
      }
    }
  }
}
